news 0
news 1
news 2
news 3
news 4
news 5
news 6
news 7
news 8
news 9
news 10
news 11
news 12
news 13
news 14
news 15
news 16
news 17
news 18
news 19
news 20
news 21
news 22
news 23
news 24
news 25
news 26
news 27
news 28
news 29
news 30
news 31
news 32
news 33
news 34
news 35
news 36
news 37
news 38
news 39
news 40
news 41
news 42
news 43
news 44
news 45
news 46
news 47
news 48
news 49
news 50
news 51
news 52
news 53
news 54
news 55
news 56
news 57
news 58
news 59
news 60
news 61
news 62
news 63
news 64
news 65
news 66
news 67
news 68
news 69
news 70
news 71
news 72
news 73
news 74
news 75
news 76
news 77
news 78
news 79
news 80
news 81
news 82
news 83
news 84
news 85
news 86
news 87
news 88
news 89
news 90
news 91
news 92
news 93
news 94
news 95
news 96
news 97
news 98
news 99
news 100
news 101
news 102
news 103
news 104
news 105
news 106
news 107
news 108
news 109
news 110
news 111
news 112
news 113
news 114
news 115
news 116
news 117
news 118
news 119
news 120
news 121
news 122
news 123
news 124
news 125
news 126
news 127
news 128
news 129
news 130
news 131
news 132
news 133
news 134
news 135
news 136
news 137
news 138
news 139
news 140
news 141
news 142
news 143
news 144
news 145
news 146
news 147
news 148
news 149
news 150
news 151
news 152
news 153
news 154
news 155
news 156
news 157
news 158
news 159
news 160
news 161
news 162
news 163
news 164
news 165
news 166
news 167
news 168
news 169
news 170
news 171
news 172
news 173
news 174
news 175
news 176
news 177
news 178
news 179
news 180
news 181
news 182
news 183
news 184
news 185
news 186
news 187
news 188
news 189
news 190
news 191
news 192
news 193
news 194
news 195
news 196
news 197
news 198
news 199
news 200
news 201
news 202
news 203
news 204
news 205
news 206
news 207
news 208
news 209
news 210
news 211
news 212
news 213
news 214
news 215
news 216
news 217
news 218
news 219
news 220
news 221
news 222
news 223
news 224
news 225
news 226
news 227
news 228
news 229
news 230
news 231
news 232
news 233
news 234
news 235
news 236
news 237
news 238
news 239
news 240
news 241
news 242
news 243
news 244
news 245
news 246
news 247
news 248
news 249
news 250
news 251
news 252
news 253
news 254
news 255
news 256
news 257
news 258
news 259
news 260
news 261
news 262
news 263
news 264
news 265
news 266
news 267
news 268
news 269
news 270
news 271
news 272
news 273
news 274
news 275
news 276
news 277
news 278
news 279
news 280
news 281
news 282
news 283
news 284
news 285
news 286
news 287
news 288
news 289
news 290
news 291
news 292
news 293
news 294
news 295
news 296
news 297
news 298
news 299
news 300
news 301
news 302
news 303
news 304
news 305
news 306
news 307
news 308
news 309
news 310
news 311
news 312
news 313
news 314
news 315
news 316
news 317
news 318
news 319
news 320
news 321
news 322
news 323
news 324
news 325
news 326
news 327
news 328
news 329
news 330
news 331
news 332
news 333
news 334
news 335
news 336
news 337
news 338
news 339
news 340
news 341
news 342
news 343
news 344
news 345
news 346
news 347
news 348
news 349
news 350
news 351
news 352
news 353
news 354
news 355
news 356
news 357
news 358
news 359
news 360
news 361
news 362
news 363
news 364
news 365
news 366
news 367
news 368
news 369
news 370
news 371
news 372
news 373
news 374
news 375
news 376
news 377
news 378
news 379
news 380
news 381
news 382
news 383
news 384
news 385
news 386
news 387
news 388
news 389
news 390
news 391
news 392
news 393
news 394
news 395
news 396
news 397
news 398
news 399
news 400
news 401
news 402
news 403
news 404
news 405
news 406
news 407
news 408
news 409
news 410
news 411
news 412
news 413
news 414
news 415
news 416
news 417
news 418
news 419
news 420
news 421
news 422
news 423
news 424
news 425
news 426
news 427
news 428
news 429
news 430
news 431
news 432
news 433
news 434
news 435
news 436
news 437
news 438
news 439
news 440
news 441
news 442
news 443
news 444
news 445
news 446
news 447
news 448
news 449
news 450
news 451
news 452
news 453
news 454
news 455
news 456
news 457
news 458
news 459
news 460
news 461
news 462
news 463
news 464
news 465
news 466
news 467
news 468
news 469
news 470
news 471
news 472
news 473
news 474
news 475
news 476
news 477
news 478
news 479
news 480
news 481
news 482
news 483
news 484
news 485
news 486
news 487
news 488
news 489
news 490
news 491
news 492
news 493
news 494
news 495
news 496
news 497
news 498
news 499
news 500
news 501
news 502
news 503
news 504
news 505
news 506
news 507
news 508
news 509
news 510
news 511
news 512
news 513
news 514
news 515
news 516
news 517
news 518
news 519
news 520
news 521
news 522
news 523
news 524
news 525
news 526
news 527
news 528
news 529
news 530
news 531
news 532
news 533
news 534
news 535
news 536
news 537
news 538
news 539
news 540
news 541
news 542
news 543
news 544
news 545
news 546
news 547
news 548
news 549
news 550
news 551
news 552
news 553
news 554
news 555
news 556
news 557
news 558
news 559
news 560
news 561
news 562
news 563
news 564
news 565
news 566
news 567
news 568
news 569
news 570
news 571
news 572
news 573
news 574
news 575
news 576
news 577
news 578
news 579
news 580
news 581
news 582
news 583
news 584
news 585
news 586
news 587
news 588
news 589
news 590
news 591
news 592
news 593
news 594
news 595
news 596
news 597
news 598
news 599
news 600
news 601
news 602
news 603
news 604
news 605
news 606
news 607
news 608
news 609
news 610
news 611
news 612
news 613
news 614
news 615
news 616
news 617
news 618
news 619
news 620
news 621
news 622
news 623
news 624
news 625
news 626
news 627
news 628
news 629
news 630
news 631
news 632
news 633
news 634
news 635
news 636
news 637
news 638
news 639
news 640
news 641
news 642
news 643
news 644
news 645
news 646
news 647
news 648
news 649
news 650
news 651
news 652
news 653
news 654
news 655
news 656
news 657
news 658
news 659
news 660
news 661
news 662
news 663
news 664
news 665
news 666
news 667
news 668
news 669
news 670
news 671
news 672
news 673
news 674
news 675
news 676
news 677
news 678
news 679
news 680
news 681
news 682
news 683
news 684
news 685
news 686
news 687
news 688
news 689
news 690
news 691
news 692
news 693
news 694
news 695
news 696
news 697
news 698
news 699
news 700
news 701
news 702
news 703
news 704
news 705
news 706
news 707
news 708
news 709
news 710
news 711
news 712
news 713
news 714
news 715
news 716
news 717
news 718
news 719
news 720
news 721
news 722
news 723
news 724
news 725
news 726
news 727
news 728
news 729
news 730
news 731
news 732
news 733
news 734
news 735
news 736
news 737
news 738
news 739
news 740
news 741
news 742
news 743
news 744
news 745
news 746
news 747
news 748
news 749
news 750
news 751
news 752
news 753
news 754
news 755
news 756
news 757
news 758
news 759
news 760
news 761
news 762
news 763
news 764
news 765
news 766
news 767
news 768
news 769
news 770
news 771
news 772
news 773
news 774
news 775
news 776
news 777
news 778
news 779
news 780
news 781
news 782
news 783
news 784
news 785
news 786
news 787
news 788
news 789
news 790
news 791
news 792
news 793
news 794
news 795
news 796
news 797
news 798
news 799
news 800
news 801
news 802
news 803
news 804
news 805
news 806
news 807
news 808
news 809
news 810
news 811
news 812
news 813
news 814
news 815
news 816
news 817
news 818
news 819
news 820
news 821
news 822
news 823
news 824
news 825
news 826
news 827
news 828
news 829
news 830
news 831
news 832
news 833
news 834
news 835
news 836
news 837
news 838
news 839
news 840
news 841
news 842
news 843
news 844
news 845
news 846
news 847
news 848
news 849
news 850
news 851
news 852
news 853
news 854
news 855
news 856
news 857
news 858
news 859
news 860
news 861
news 862
news 863
news 864
news 865
news 866
news 867
news 868
news 869
news 870
news 871
news 872
news 873
news 874
news 875
news 876
news 877
news 878
news 879
news 880
news 881
news 882
news 883
news 884
news 885
news 886
news 887
news 888
news 889
news 890
news 891
news 892
news 893
news 894
news 895
news 896
news 897
news 898
news 899
news 900
news 901
news 902
news 903
news 904
news 905
news 906
news 907
news 908
news 909
news 910
news 911
news 912
news 913
news 914
news 915
news 916
news 917
news 918
news 919
news 920
news 921
news 922
news 923
news 924
news 925
news 926
news 927
news 928
news 929
news 930
news 931
news 932
news 933
news 934
news 935
news 936
news 937
news 938
news 939
news 940
news 941
news 942
news 943
news 944
news 945
news 946
news 947
news 948
news 949
news 950
news 951
news 952
news 953
news 954
news 955
news 956
news 957
news 958
news 959
news 960
news 961
news 962
news 963
news 964
news 965
news 966
news 967
news 968
news 969
news 970
news 971
news 972
news 973
news 974
news 975
news 976
news 977
news 978
news 979
news 980
news 981
news 982
news 983
news 984
news 985
news 986
news 987
news 988
news 989
news 990
news 991
news 992
news 993
news 994
news 995
news 996
news 997
news 998
news 999
news 1000
news 1001
news 1002
news 1003
news 1004
news 1005
news 1006
news 1007
news 1008
news 1009
news 1010
news 1011
news 1012
news 1013
news 1014
news 1015
news 1016
news 1017
news 1018
news 1019
news 1020
news 1021
news 1022
news 1023
news 1024
news 1025
news 1026
news 1027
news 1028
news 1029
news 1030
news 1031
news 1032
news 1033
news 1034
news 1035
news 1036
news 1037
news 1038
news 1039
news 1040
news 1041
news 1042
news 1043
news 1044
news 1045
news 1046
news 1047
news 1048
news 1049
news 1050
news 1051
news 1052
news 1053
news 1054
news 1055
news 1056
news 1057
news 1058
news 1059
news 1060
news 1061
news 1062
news 1063
news 1064
news 1065
news 1066
news 1067
news 1068
news 1069
news 1070
news 1071
news 1072
news 1073
news 1074
news 1075
news 1076
news 1077
news 1078
news 1079
news 1080
news 1081
news 1082
news 1083
news 1084
news 1085
news 1086
news 1087
news 1088
news 1089
news 1090
news 1091
news 1092
news 1093
news 1094
news 1095
news 1096
news 1097
news 1098
news 1099
news 1100
news 1101
news 1102
news 1103
news 1104
news 1105
news 1106
news 1107
news 1108
news 1109
news 1110
news 1111
news 1112
news 1113
news 1114
news 1115
news 1116
news 1117
news 1118
news 1119
news 1120
news 1121
news 1122
news 1123
news 1124
news 1125
news 1126
news 1127
news 1128
news 1129
news 1130
news 1131
news 1132
news 1133
news 1134
news 1135
news 1136
news 1137
news 1138
news 1139
news 1140
news 1141
news 1142
news 1143
news 1144
news 1145
news 1146
news 1147
news 1148
news 1149
news 1150
news 1151
news 1152
news 1153
news 1154
news 1155
news 1156
news 1157
news 1158
news 1159
news 1160
news 1161
news 1162
news 1163
news 1164
news 1165
news 1166
news 1167
news 1168
news 1169
news 1170
news 1171
news 1172
news 1173
news 1174
news 1175
news 1176
news 1177
news 1178
news 1179
news 1180
news 1181
news 1182
news 1183
news 1184
news 1185
news 1186
news 1187
news 1188
news 1189
news 1190
news 1191
news 1192
news 1193
news 1194
news 1195
news 1196
news 1197
news 1198
news 1199
news 1200
news 1201
news 1202
news 1203
news 1204
news 1205
news 1206
news 1207
news 1208
news 1209
news 1210
news 1211
news 1212
news 1213
news 1214
news 1215
news 1216
news 1217
news 1218
news 1219
news 1220
news 1221
news 1222
news 1223
news 1224
news 1225
news 1226
news 1227
news 1228
news 1229
news 1230
news 1231
news 1232
news 1233
news 1234
news 1235
news 1236
news 1237
news 1238
news 1239
news 1240
news 1241
news 1242
news 1243
news 1244
news 1245
news 1246
news 1247
news 1248
news 1249
news 1250
news 1251
news 1252
news 1253
news 1254
news 1255
news 1256
news 1257
news 1258
news 1259
news 1260
news 1261
news 1262
news 1263
news 1264
news 1265
news 1266
news 1267
news 1268
news 1269
news 1270
news 1271
news 1272
news 1273
news 1274
news 1275
news 1276
news 1277
news 1278
news 1279
news 1280
news 1281
news 1282
news 1283
news 1284
news 1285
news 1286
news 1287
news 1288
news 1289
news 1290
news 1291
news 1292
news 1293
news 1294
news 1295
news 1296
news 1297
news 1298
news 1299
news 1300
news 1301
news 1302
news 1303
news 1304
news 1305
news 1306
news 1307
news 1308
news 1309
news 1310
news 1311
news 1312
news 1313
news 1314
news 1315
news 1316
news 1317
news 1318
news 1319
news 1320
news 1321
news 1322
news 1323
news 1324
news 1325
news 1326
news 1327
news 1328
news 1329
news 1330
news 1331
news 1332
news 1333
news 1334
news 1335
news 1336
news 1337
news 1338
news 1339
news 1340
news 1341
news 1342
news 1343
news 1344
news 1345
news 1346
news 1347
news 1348
news 1349
news 1350
news 1351
news 1352
news 1353
news 1354
news 1355
news 1356
news 1357
news 1358
news 1359
news 1360
news 1361
news 1362
news 1363
news 1364
news 1365
news 1366
news 1367
news 1368
news 1369
news 1370
news 1371
news 1372
news 1373
news 1374
news 1375
news 1376
news 1377
news 1378
news 1379
news 1380
news 1381
news 1382
news 1383
news 1384
news 1385
news 1386
news 1387
news 1388
news 1389
news 1390
news 1391
news 1392
news 1393
news 1394
news 1395
news 1396
news 1397
news 1398
news 1399
news 1400
news 1401
news 1402
news 1403
news 1404
news 1405
news 1406
news 1407
news 1408
news 1409
news 1410
news 1411
news 1412
news 1413
news 1414
news 1415
news 1416
news 1417
news 1418
news 1419
news 1420
news 1421
news 1422
news 1423
news 1424
news 1425
news 1426
news 1427
news 1428
news 1429
news 1430
news 1431
news 1432
news 1433
news 1434
news 1435
news 1436
news 1437
news 1438
news 1439
news 1440
news 1441
news 1442
news 1443
news 1444
news 1445
news 1446
news 1447
news 1448
news 1449
news 1450
news 1451
news 1452
news 1453
news 1454
news 1455
news 1456
news 1457
news 1458
news 1459
news 1460
news 1461
news 1462
news 1463
news 1464
news 1465
news 1466
news 1467
news 1468
news 1469
news 1470
news 1471
news 1472
news 1473
news 1474
news 1475
news 1476
news 1477
news 1478
news 1479
news 1480
news 1481
news 1482
news 1483
news 1484
news 1485
news 1486
news 1487
news 1488
news 1489
news 1490
news 1491
news 1492
news 1493
news 1494
news 1495
news 1496
news 1497
news 1498
news 1499
news 1500
news 1501
news 1502
news 1503
news 1504
news 1505
news 1506
news 1507
news 1508
news 1509
news 1510
news 1511
news 1512
news 1513
news 1514
news 1515
news 1516
news 1517
news 1518
news 1519
news 1520
news 1521
news 1522
news 1523
news 1524
news 1525
news 1526
news 1527
news 1528
news 1529
news 1530
news 1531
news 1532
news 1533
news 1534
news 1535
news 1536
news 1537
news 1538
news 1539
news 1540
news 1541
news 1542
news 1543
news 1544
news 1545
news 1546
news 1547
news 1548
news 1549
news 1550
news 1551
news 1552
news 1553
news 1554
news 1555
news 1556
news 1557
news 1558
news 1559
news 1560
news 1561
news 1562
news 1563
news 1564
news 1565
news 1566
news 1567
news 1568
news 1569
news 1570
news 1571
news 1572
news 1573
news 1574
news 1575
news 1576
news 1577
news 1578
news 1579
news 1580
news 1581
news 1582
news 1583
news 1584
news 1585
news 1586
news 1587
news 1588
news 1589
news 1590
news 1591
news 1592
news 1593
news 1594
news 1595
news 1596
news 1597
news 1598
news 1599
news 1600
news 1601
news 1602
news 1603
news 1604
news 1605
news 1606
news 1607
news 1608
news 1609
news 1610
news 1611
news 1612
news 1613
news 1614
news 1615
news 1616
news 1617
news 1618
news 1619
news 1620
news 1621
news 1622
news 1623
news 1624
news 1625
news 1626
news 1627
news 1628
news 1629
news 1630
news 1631
news 1632
news 1633
news 1634
news 1635
news 1636
news 1637
news 1638
news 1639
news 1640
news 1641
news 1642
news 1643
news 1644
news 1645
news 1646
news 1647
news 1648
news 1649
news 1650
news 1651
news 1652
news 1653
news 1654
news 1655
news 1656
news 1657
news 1658
news 1659
news 1660
news 1661
news 1662
news 1663
news 1664
news 1665
news 1666
news 1667
news 1668
news 1669
news 1670
news 1671
news 1672
news 1673
news 1674
news 1675
news 1676
news 1677
news 1678
news 1679
news 1680
news 1681
news 1682
news 1683
news 1684
news 1685
news 1686
news 1687
news 1688
news 1689
news 1690
news 1691
news 1692
news 1693
news 1694
news 1695
news 1696
news 1697
news 1698
news 1699
news 1700
news 1701
news 1702
news 1703
news 1704
news 1705
news 1706
news 1707
news 1708
news 1709
news 1710
news 1711
news 1712
news 1713
news 1714
news 1715
news 1716
news 1717
news 1718
news 1719
news 1720
news 1721
news 1722
news 1723
news 1724
news 1725
news 1726
news 1727
news 1728
news 1729
news 1730
news 1731
news 1732
news 1733
news 1734
news 1735
news 1736
news 1737
news 1738
news 1739
news 1740
news 1741
news 1742
news 1743
news 1744
news 1745
news 1746
news 1747
news 1748
news 1749
news 1750
news 1751
news 1752
news 1753
news 1754
news 1755
news 1756
news 1757
news 1758
news 1759
news 1760
news 1761
news 1762
news 1763
news 1764
news 1765
news 1766
news 1767
news 1768
news 1769
news 1770
news 1771
news 1772
news 1773
news 1774
news 1775
news 1776
news 1777
news 1778
news 1779
news 1780
news 1781
news 1782
news 1783
news 1784
news 1785
news 1786
news 1787
news 1788
news 1789
news 1790
news 1791
news 1792
news 1793
news 1794
news 1795
news 1796
news 1797
news 1798
news 1799
news 1800
news 1801
news 1802
news 1803
news 1804
news 1805
news 1806
news 1807
news 1808
news 1809
news 1810
news 1811
news 1812
news 1813
news 1814
news 1815
news 1816
news 1817
news 1818
news 1819
news 1820
news 1821
news 1822
news 1823
news 1824
news 1825
news 1826
news 1827
news 1828
news 1829
news 1830
news 1831
news 1832
news 1833
news 1834
news 1835
news 1836
news 1837
news 1838
news 1839
news 1840
news 1841
news 1842
news 1843
news 1844
news 1845
news 1846
news 1847
news 1848
news 1849
news 1850
news 1851
news 1852
news 1853
news 1854
news 1855
news 1856
news 1857
news 1858
news 1859
news 1860
news 1861
news 1862
news 1863
news 1864
news 1865
news 1866
news 1867
news 1868
news 1869
news 1870
news 1871
news 1872
news 1873
news 1874
news 1875
news 1876
news 1877
news 1878
news 1879
news 1880
news 1881
news 1882
news 1883
news 1884
news 1885
news 1886
news 1887
news 1888
news 1889
news 1890
news 1891
news 1892
news 1893
news 1894
news 1895
news 1896
news 1897
news 1898
news 1899
news 1900
news 1901
news 1902
news 1903
news 1904
news 1905
news 1906
news 1907
news 1908
news 1909
news 1910
news 1911
news 1912
news 1913
news 1914
news 1915
news 1916
news 1917
news 1918
news 1919
news 1920
news 1921
news 1922
news 1923
news 1924
news 1925
news 1926
news 1927
news 1928
news 1929
news 1930
news 1931
news 1932
news 1933
news 1934
news 1935
news 1936
news 1937
news 1938
news 1939
news 1940
news 1941
news 1942
news 1943
news 1944
news 1945
news 1946
news 1947
news 1948
news 1949
news 1950
news 1951
news 1952
news 1953
news 1954
news 1955
news 1956
news 1957
news 1958
news 1959
news 1960
news 1961
news 1962
news 1963
news 1964
news 1965
news 1966
news 1967
news 1968
news 1969
news 1970
news 1971
news 1972
news 1973
news 1974
news 1975
news 1976
news 1977
news 1978
news 1979
news 1980
news 1981
news 1982
news 1983
news 1984
news 1985
news 1986
news 1987
news 1988
news 1989
news 1990
news 1991
news 1992
news 1993
news 1994
news 1995
news 1996
news 1997
news 1998
news 1999
news 2000
news 2001
news 2002
news 2003
news 2004
news 2005
news 2006
news 2007
news 2008
news 2009
news 2010
news 2011
news 2012
news 2013
news 2014
news 2015
news 2016
news 2017
news 2018
news 2019
news 2020
news 2021
news 2022
news 2023
news 2024
news 2025
news 2026
news 2027
news 2028
news 2029
news 2030
news 2031
news 2032
news 2033
news 2034
news 2035
news 2036
news 2037
news 2038
news 2039
news 2040
news 2041
news 2042
news 2043
news 2044
news 2045
news 2046
news 2047
news 2048
news 2049
news 2050
news 2051
news 2052
news 2053
news 2054
news 2055
news 2056
news 2057
news 2058
news 2059
news 2060
news 2061
news 2062
news 2063
news 2064
news 2065
news 2066
news 2067
news 2068
news 2069
news 2070
news 2071
news 2072
news 2073
news 2074
news 2075
news 2076
news 2077
news 2078
news 2079
news 2080
news 2081
news 2082
news 2083
news 2084
news 2085
news 2086
news 2087
news 2088
news 2089
news 2090
news 2091
news 2092
news 2093
news 2094
news 2095
news 2096
news 2097
news 2098
news 2099
news 2100
news 2101
news 2102
news 2103
news 2104
news 2105
news 2106
news 2107
news 2108
news 2109
news 2110
news 2111
news 2112
news 2113
news 2114
news 2115
news 2116
news 2117
news 2118
news 2119
news 2120
news 2121
news 2122
news 2123
news 2124
news 2125
news 2126
news 2127
news 2128
news 2129
news 2130
news 2131
news 2132
news 2133
news 2134
news 2135
news 2136
news 2137
news 2138
news 2139
news 2140
news 2141
news 2142
news 2143
news 2144
news 2145
news 2146
news 2147
news 2148
news 2149
news 2150
news 2151
news 2152
news 2153
news 2154
news 2155
news 2156
news 2157
news 2158
news 2159
news 2160
news 2161
news 2162
news 2163
news 2164
news 2165
news 2166
news 2167
news 2168
news 2169
news 2170
news 2171
news 2172
news 2173
news 2174
news 2175
news 2176
news 2177
news 2178
news 2179
news 2180
news 2181
news 2182
news 2183
news 2184
news 2185
news 2186
news 2187
news 2188
news 2189
news 2190
news 2191
news 2192
news 2193
news 2194
news 2195
news 2196
news 2197
news 2198
news 2199
news 2200
news 2201
news 2202
news 2203
news 2204
news 2205
news 2206
news 2207
news 2208
news 2209
news 2210
news 2211
news 2212
news 2213
news 2214
news 2215
news 2216
news 2217
news 2218
news 2219
news 2220
news 2221
news 2222
news 2223
news 2224
news 2225
news 2226
news 2227
news 2228
news 2229
news 2230
news 2231
news 2232
news 2233
news 2234
news 2235
news 2236
news 2237
news 2238
news 2239
news 2240
news 2241
news 2242
news 2243
news 2244
news 2245
news 2246
news 2247
news 2248
news 2249
news 2250
news 2251
news 2252
news 2253
news 2254
news 2255
news 2256
news 2257
news 2258
news 2259
news 2260
news 2261
news 2262
news 2263
news 2264
news 2265
news 2266
news 2267
news 2268
news 2269
news 2270
news 2271
news 2272
news 2273
news 2274
news 2275
news 2276
news 2277
news 2278
news 2279
news 2280
news 2281
news 2282
news 2283
news 2284
news 2285
news 2286
news 2287
news 2288
news 2289
news 2290
news 2291
news 2292
news 2293
news 2294
news 2295
news 2296
news 2297
news 2298
news 2299
news 2300
news 2301
news 2302
news 2303
news 2304
news 2305
news 2306
news 2307
news 2308
news 2309
news 2310
news 2311
news 2312
news 2313
news 2314
news 2315
news 2316
news 2317
news 2318
news 2319
news 2320
news 2321
news 2322
news 2323
news 2324
news 2325
news 2326
news 2327
news 2328
news 2329
news 2330
news 2331
news 2332
news 2333
news 2334
news 2335
news 2336
news 2337
news 2338
news 2339
news 2340
news 2341
news 2342
news 2343
news 2344
news 2345
news 2346
news 2347
news 2348
news 2349
news 2350
news 2351
news 2352
news 2353
news 2354
news 2355
news 2356
news 2357
news 2358
news 2359
news 2360
news 2361
news 2362
news 2363
news 2364
news 2365
news 2366
news 2367
news 2368
news 2369
news 2370
news 2371
news 2372
news 2373
news 2374
news 2375
news 2376
news 2377
news 2378
news 2379
news 2380
news 2381
news 2382
news 2383
news 2384
news 2385
news 2386
news 2387
news 2388
news 2389
news 2390
news 2391
news 2392
news 2393
news 2394
news 2395
news 2396
news 2397
news 2398
news 2399
news 2400
news 2401
news 2402
news 2403
news 2404
news 2405
news 2406
news 2407
news 2408
news 2409
news 2410
news 2411
news 2412
news 2413
news 2414
news 2415
news 2416
news 2417
news 2418
news 2419
news 2420
news 2421
news 2422
news 2423
news 2424
news 2425
news 2426
news 2427
news 2428
news 2429
news 2430
news 2431
news 2432
news 2433
news 2434
news 2435
news 2436
news 2437
news 2438
news 2439
news 2440
news 2441
news 2442
news 2443
news 2444
news 2445
news 2446
news 2447
news 2448
news 2449
news 2450
news 2451
news 2452
news 2453
news 2454
news 2455
news 2456
news 2457
news 2458
news 2459
news 2460
news 2461
news 2462
news 2463
news 2464
news 2465
news 2466
news 2467
news 2468
news 2469
news 2470
news 2471
news 2472
news 2473
news 2474
news 2475
news 2476
news 2477
news 2478
news 2479
news 2480
news 2481
news 2482
news 2483
news 2484
news 2485
news 2486
news 2487
news 2488
news 2489
news 2490
news 2491
news 2492
news 2493
news 2494
news 2495
news 2496
news 2497
news 2498
news 2499
news 2500
news 2501
news 2502
news 2503
news 2504
news 2505
news 2506
news 2507
news 2508
news 2509
news 2510
news 2511
news 2512
news 2513
news 2514
news 2515
news 2516
news 2517
news 2518
news 2519
news 2520
news 2521
news 2522
news 2523
news 2524
news 2525
news 2526
news 2527
news 2528
news 2529
news 2530
news 2531
news 2532
news 2533
news 2534
news 2535
news 2536
news 2537
news 2538
news 2539
news 2540
news 2541
news 2542
news 2543
news 2544
news 2545
news 2546
news 2547
news 2548
news 2549
news 2550
news 2551
news 2552
news 2553
news 2554
news 2555
news 2556
news 2557
news 2558
news 2559
news 2560
news 2561
news 2562
news 2563
news 2564
news 2565
news 2566
news 2567
news 2568
news 2569
news 2570
news 2571
news 2572
news 2573
news 2574
news 2575
news 2576
news 2577
news 2578
news 2579
news 2580
news 2581
news 2582
news 2583
news 2584
news 2585
news 2586
news 2587
news 2588
news 2589
news 2590
news 2591
news 2592
news 2593
news 2594
news 2595
news 2596
news 2597
news 2598
news 2599
news 2600
news 2601
news 2602
news 2603
news 2604
news 2605
news 2606
news 2607
news 2608
news 2609
news 2610
news 2611
news 2612
news 2613
news 2614
news 2615
news 2616
news 2617
news 2618
news 2619
news 2620
news 2621
news 2622
news 2623
news 2624
news 2625
news 2626
news 2627
news 2628
news 2629
news 2630
news 2631
news 2632
news 2633
news 2634
news 2635
news 2636
news 2637
news 2638
news 2639
news 2640
news 2641
news 2642
news 2643
news 2644
news 2645
news 2646
news 2647
news 2648
news 2649
news 2650
news 2651
news 2652
news 2653
news 2654
news 2655
news 2656
news 2657
news 2658
news 2659
news 2660
news 2661
news 2662
news 2663
news 2664
news 2665
news 2666
news 2667
news 2668
news 2669
news 2670
news 2671
news 2672
news 2673
news 2674
news 2675
news 2676
news 2677
news 2678
news 2679
news 2680
news 2681
news 2682
news 2683
news 2684
news 2685
news 2686
news 2687
news 2688
news 2689
news 2690
news 2691
news 2692
news 2693
news 2694
news 2695
news 2696
news 2697
news 2698
news 2699
news 2700
news 2701
news 2702
news 2703
news 2704
news 2705
news 2706
news 2707
news 2708
news 2709
news 2710
news 2711
news 2712
news 2713
news 2714
news 2715
news 2716
news 2717
news 2718
news 2719
news 2720
news 2721
news 2722
news 2723
news 2724
news 2725
news 2726
news 2727
news 2728
news 2729
news 2730
news 2731
news 2732
news 2733
news 2734
news 2735
news 2736
news 2737
news 2738
news 2739
news 2740
news 2741
news 2742
news 2743
news 2744
news 2745
news 2746
news 2747
news 2748
news 2749
news 2750
news 2751
news 2752
news 2753
news 2754
news 2755
news 2756
news 2757
news 2758
news 2759
news 2760
news 2761
news 2762
news 2763
news 2764
news 2765
news 2766
news 2767
news 2768
news 2769
news 2770
news 2771
news 2772
news 2773
news 2774
news 2775
news 2776
news 2777
news 2778
news 2779
news 2780
news 2781
news 2782
news 2783
news 2784
news 2785
news 2786
news 2787
news 2788
news 2789
news 2790
news 2791
news 2792
news 2793
news 2794
news 2795
news 2796
news 2797
news 2798
news 2799
news 2800
news 2801
news 2802
news 2803
news 2804
news 2805
news 2806
news 2807
news 2808
news 2809
news 2810
news 2811
news 2812
news 2813
news 2814
news 2815
news 2816
news 2817
news 2818
news 2819
news 2820
news 2821
news 2822
news 2823
news 2824
news 2825
news 2826
news 2827
news 2828
news 2829
news 2830
news 2831
news 2832
news 2833
news 2834
news 2835
news 2836
news 2837
news 2838
news 2839
news 2840
news 2841
news 2842
news 2843
news 2844
news 2845
news 2846
news 2847
news 2848
news 2849
news 2850
news 2851
news 2852
news 2853
news 2854
news 2855
news 2856
news 2857
news 2858
news 2859
news 2860
news 2861
news 2862
news 2863
news 2864
news 2865
news 2866
news 2867
news 2868
news 2869
news 2870
news 2871
news 2872
news 2873
news 2874
news 2875
news 2876
news 2877
news 2878
news 2879
news 2880
news 2881
news 2882
news 2883
news 2884
news 2885
news 2886
news 2887
news 2888
news 2889
news 2890
news 2891
news 2892
news 2893
news 2894
news 2895
news 2896
news 2897
news 2898
news 2899
news 2900
news 2901
news 2902
news 2903
news 2904
news 2905
news 2906
news 2907
news 2908
news 2909
news 2910
news 2911
news 2912
news 2913
news 2914
news 2915
news 2916
news 2917
news 2918
news 2919
news 2920
news 2921
news 2922
news 2923
news 2924
news 2925
news 2926
news 2927
news 2928
news 2929
news 2930
news 2931
news 2932
news 2933
news 2934
news 2935
news 2936
news 2937
news 2938
news 2939
news 2940
news 2941
news 2942
news 2943
news 2944
news 2945
news 2946
news 2947
news 2948
news 2949
news 2950
news 2951
news 2952
news 2953
news 2954
news 2955
news 2956
news 2957
news 2958
news 2959
news 2960
news 2961
news 2962
news 2963
news 2964
news 2965
news 2966
news 2967
news 2968
news 2969
news 2970
news 2971
news 2972
news 2973
news 2974
news 2975
news 2976
news 2977
news 2978
news 2979
news 2980
news 2981
news 2982
news 2983
news 2984
news 2985
news 2986
news 2987
news 2988
news 2989
news 2990
news 2991
news 2992
news 2993
news 2994
news 2995
news 2996
news 2997
news 2998
news 2999
news 3000
news 3001
news 3002
news 3003
news 3004
news 3005
news 3006
news 3007
news 3008
news 3009
news 3010
news 3011
news 3012
news 3013
news 3014
news 3015
news 3016
news 3017
news 3018
news 3019
news 3020
news 3021
news 3022
news 3023
news 3024
news 3025
news 3026
news 3027
news 3028
news 3029
news 3030
news 3031
news 3032
news 3033
news 3034
news 3035
news 3036
news 3037
news 3038
news 3039
news 3040
news 3041
news 3042
news 3043
news 3044
news 3045
news 3046
news 3047
news 3048
news 3049
news 3050
news 3051
news 3052
news 3053
news 3054
news 3055
news 3056
news 3057
news 3058
news 3059
news 3060
news 3061
news 3062
news 3063
news 3064
news 3065
news 3066
news 3067
news 3068
news 3069
news 3070
news 3071
news 3072
news 3073
news 3074
news 3075
news 3076
news 3077
news 3078
news 3079
news 3080
news 3081
news 3082
news 3083
news 3084
news 3085
news 3086
news 3087
news 3088
news 3089
news 3090
news 3091
news 3092
news 3093
news 3094
news 3095
news 3096
news 3097
news 3098
news 3099
news 3100
news 3101
news 3102
news 3103
news 3104
news 3105
news 3106
news 3107
news 3108
news 3109
news 3110
news 3111
news 3112
news 3113
news 3114
news 3115
news 3116
news 3117
news 3118
news 3119
news 3120
news 3121
news 3122
news 3123
news 3124
news 3125
news 3126
news 3127
news 3128
news 3129
news 3130
news 3131
news 3132
news 3133
news 3134
news 3135
news 3136
news 3137
news 3138
news 3139
news 3140
news 3141
news 3142
news 3143
news 3144
news 3145
news 3146
news 3147
news 3148
news 3149
news 3150
news 3151
news 3152
news 3153
news 3154
news 3155
news 3156
news 3157
news 3158
news 3159
news 3160
news 3161
news 3162
news 3163
news 3164
news 3165
news 3166
news 3167
news 3168
news 3169
news 3170
news 3171
news 3172
news 3173
news 3174
news 3175
news 3176
news 3177
news 3178
news 3179
news 3180
news 3181
news 3182
news 3183
news 3184
news 3185
news 3186
news 3187
news 3188
news 3189
news 3190
news 3191
news 3192
news 3193
news 3194
news 3195
news 3196
news 3197
news 3198
news 3199
news 3200
news 3201
news 3202
news 3203
news 3204
news 3205
news 3206
news 3207
news 3208
news 3209
news 3210
news 3211
news 3212
news 3213
news 3214
news 3215
news 3216
news 3217
news 3218
news 3219
news 3220
news 3221
news 3222
news 3223
news 3224
news 3225
news 3226
news 3227
news 3228
news 3229
news 3230
news 3231
news 3232
news 3233
news 3234
news 3235
news 3236
news 3237
news 3238
news 3239
news 3240
news 3241
news 3242
news 3243
news 3244
news 3245
news 3246
news 3247
news 3248
news 3249
news 3250
news 3251
news 3252
news 3253
news 3254
news 3255
news 3256
news 3257
news 3258
news 3259
news 3260
news 3261
news 3262
news 3263
news 3264
news 3265
news 3266
news 3267
news 3268
news 3269
news 3270
news 3271
news 3272
news 3273
news 3274
news 3275
news 3276
news 3277
news 3278
news 3279
news 3280
news 3281
news 3282
news 3283
news 3284
news 3285
news 3286
news 3287
news 3288
news 3289
news 3290
news 3291
news 3292
news 3293
news 3294
news 3295
news 3296
news 3297
news 3298
news 3299
news 3300
news 3301
news 3302
news 3303
news 3304
news 3305
news 3306
news 3307
news 3308
news 3309
news 3310
news 3311
news 3312
news 3313
news 3314
news 3315
news 3316
news 3317
news 3318
news 3319
news 3320
news 3321
news 3322
news 3323
news 3324
news 3325
news 3326
news 3327
news 3328
news 3329
news 3330
news 3331
news 3332
news 3333
news 3334
news 3335
news 3336
news 3337
news 3338
news 3339
news 3340
news 3341
news 3342
news 3343
news 3344
news 3345
news 3346
news 3347
news 3348
news 3349
news 3350
news 3351
news 3352
news 3353
news 3354
news 3355
news 3356
news 3357
news 3358
news 3359
news 3360
news 3361
news 3362
news 3363
news 3364
news 3365
news 3366
news 3367
news 3368
news 3369
news 3370
news 3371
news 3372
news 3373
news 3374
news 3375
news 3376
news 3377
news 3378
news 3379
news 3380
news 3381
news 3382
news 3383
news 3384
news 3385
news 3386
news 3387
news 3388
news 3389
news 3390
news 3391
news 3392
news 3393
news 3394
news 3395
news 3396
news 3397
news 3398
news 3399
news 3400
news 3401
news 3402
news 3403
news 3404
news 3405
news 3406
news 3407
news 3408
news 3409
news 3410
news 3411
news 3412
news 3413
news 3414
news 3415
news 3416
news 3417
news 3418
news 3419
news 3420
news 3421
news 3422
news 3423
news 3424
news 3425
news 3426
news 3427
news 3428
news 3429
news 3430
news 3431
news 3432
news 3433
news 3434
news 3435
news 3436
news 3437
news 3438
news 3439
news 3440
news 3441
news 3442
news 3443
news 3444
news 3445
news 3446
news 3447
news 3448
news 3449
news 3450
news 3451
news 3452
news 3453
news 3454
news 3455
news 3456
news 3457
news 3458
news 3459
news 3460
news 3461
news 3462
news 3463
news 3464
news 3465
news 3466
news 3467
news 3468
news 3469
news 3470
news 3471
news 3472
news 3473
news 3474
news 3475
news 3476
news 3477
news 3478
news 3479
news 3480
news 3481
news 3482
news 3483
news 3484
news 3485
news 3486
news 3487
news 3488
news 3489
news 3490
news 3491
news 3492
news 3493
news 3494
news 3495
news 3496
news 3497
news 3498
news 3499
news 3500
news 3501
news 3502
news 3503
news 3504
news 3505
news 3506
news 3507
news 3508
news 3509
news 3510
news 3511
news 3512
news 3513
news 3514
news 3515
news 3516
news 3517
news 3518
news 3519
news 3520
news 3521
news 3522
news 3523
news 3524
news 3525
news 3526
news 3527
news 3528
news 3529
news 3530
news 3531
news 3532
news 3533
news 3534
news 3535
news 3536
news 3537
news 3538
news 3539
news 3540
news 3541
news 3542
news 3543
news 3544
news 3545
news 3546
news 3547
news 3548
news 3549
news 3550
news 3551
news 3552
news 3553
news 3554
news 3555
news 3556
news 3557
news 3558
news 3559
news 3560
news 3561
news 3562
news 3563
news 3564
news 3565
news 3566
news 3567
news 3568
news 3569
news 3570
news 3571
news 3572
news 3573
news 3574
news 3575
news 3576
news 3577
news 3578
news 3579
news 3580
news 3581
news 3582
news 3583
news 3584
news 3585
news 3586
news 3587
news 3588
news 3589
news 3590
news 3591
news 3592
news 3593
news 3594
news 3595
news 3596
news 3597
news 3598
news 3599
news 3600
news 3601
news 3602
news 3603
news 3604
news 3605
news 3606
news 3607
news 3608
news 3609
news 3610
news 3611
news 3612
news 3613
news 3614
news 3615
news 3616
news 3617
news 3618
news 3619
news 3620
news 3621
news 3622
news 3623
news 3624
news 3625
news 3626
news 3627
news 3628
news 3629
news 3630
news 3631
news 3632
news 3633
news 3634
news 3635
news 3636
news 3637
news 3638
news 3639
news 3640
news 3641
news 3642
news 3643
news 3644
news 3645
news 3646
news 3647
news 3648
news 3649
news 3650
news 3651
news 3652
news 3653
news 3654
news 3655
news 3656
news 3657
news 3658
news 3659
news 3660
news 3661
news 3662
news 3663
news 3664
news 3665
news 3666
news 3667
news 3668
news 3669
news 3670
news 3671
news 3672
news 3673
news 3674
news 3675
news 3676
news 3677
news 3678
news 3679
news 3680
news 3681
news 3682
news 3683
news 3684
news 3685
news 3686
news 3687
news 3688
news 3689
news 3690
news 3691
news 3692
news 3693
news 3694
news 3695
news 3696
news 3697
news 3698
news 3699
news 3700
news 3701
news 3702
news 3703
news 3704
news 3705
news 3706
news 3707
news 3708
news 3709
news 3710
news 3711
news 3712
news 3713
news 3714
news 3715
news 3716
news 3717
news 3718
news 3719
news 3720
news 3721
news 3722
news 3723
news 3724
news 3725
news 3726
news 3727
news 3728
news 3729
news 3730
news 3731
news 3732
news 3733
news 3734
news 3735
news 3736
news 3737
news 3738
news 3739
news 3740
news 3741
news 3742
news 3743
news 3744
news 3745
news 3746
news 3747
news 3748
news 3749
news 3750
news 3751
news 3752
news 3753
news 3754
news 3755
news 3756
news 3757
news 3758
news 3759
news 3760
news 3761
news 3762
news 3763
news 3764
news 3765
news 3766
news 3767
news 3768
news 3769
news 3770
news 3771
news 3772
news 3773
news 3774
news 3775
news 3776
news 3777
news 3778
news 3779
news 3780
news 3781
news 3782
news 3783
news 3784
news 3785
news 3786
news 3787
news 3788
news 3789
news 3790
news 3791
news 3792
news 3793
news 3794
news 3795
news 3796
news 3797
news 3798
news 3799
news 3800
news 3801
news 3802
news 3803
news 3804
news 3805
news 3806
news 3807
news 3808
news 3809
news 3810
news 3811
news 3812
news 3813
news 3814
news 3815
news 3816
news 3817
news 3818
news 3819
news 3820
news 3821
news 3822
news 3823
news 3824
news 3825
news 3826
news 3827
news 3828
news 3829
news 3830
news 3831
news 3832
news 3833
news 3834
news 3835
news 3836
news 3837
news 3838
news 3839
news 3840
news 3841
news 3842
news 3843
news 3844
news 3845
news 3846
news 3847
news 3848
news 3849
news 3850
news 3851
news 3852
news 3853
news 3854
news 3855
news 3856
news 3857
news 3858
news 3859
news 3860
news 3861
news 3862
news 3863
news 3864
news 3865
news 3866
news 3867
news 3868
news 3869
news 3870
news 3871
news 3872
news 3873
news 3874
news 3875
news 3876
news 3877
news 3878
news 3879
news 3880
news 3881
news 3882
news 3883
news 3884
news 3885
news 3886
news 3887
news 3888
news 3889
news 3890
news 3891
news 3892
news 3893
news 3894
news 3895
news 3896
news 3897
news 3898
news 3899
news 3900
news 3901
news 3902
news 3903
news 3904
news 3905
news 3906
news 3907
news 3908
news 3909
news 3910
news 3911
news 3912
news 3913
news 3914
news 3915
news 3916
news 3917
news 3918
news 3919
news 3920
news 3921
news 3922
news 3923
news 3924
news 3925
news 3926
news 3927
news 3928
news 3929
news 3930
news 3931
news 3932
news 3933
news 3934
news 3935
news 3936
news 3937
news 3938
news 3939
news 3940
news 3941
news 3942
news 3943
news 3944
news 3945
news 3946
news 3947
news 3948
news 3949
news 3950
news 3951
news 3952
news 3953
news 3954
news 3955
news 3956
news 3957
news 3958
news 3959
news 3960
news 3961
news 3962
news 3963
news 3964
news 3965
news 3966
news 3967
news 3968
news 3969
news 3970
news 3971
news 3972
news 3973
news 3974
news 3975
news 3976
news 3977
news 3978
news 3979
news 3980
news 3981
news 3982
news 3983
news 3984
news 3985
news 3986
news 3987
news 3988
news 3989
news 3990
news 3991
news 3992
news 3993
news 3994
news 3995
news 3996
news 3997
news 3998
news 3999
news 4000
news 4001
news 4002
news 4003
news 4004
news 4005
news 4006
news 4007
news 4008
news 4009
news 4010
news 4011
news 4012
news 4013
news 4014
news 4015
news 4016
news 4017
news 4018
news 4019
news 4020
news 4021
news 4022
news 4023
news 4024
news 4025
news 4026
news 4027
news 4028
news 4029
news 4030
news 4031
news 4032
news 4033
news 4034
news 4035
news 4036
news 4037
news 4038
news 4039
news 4040
news 4041
news 4042
news 4043
news 4044
news 4045
news 4046
news 4047
news 4048
news 4049
news 4050
news 4051
news 4052
news 4053
news 4054
news 4055
news 4056
news 4057
news 4058
news 4059
news 4060
news 4061
news 4062
news 4063
news 4064
news 4065
news 4066
news 4067
news 4068
news 4069
news 4070
news 4071
news 4072
news 4073
news 4074
news 4075
news 4076
news 4077
news 4078
news 4079
news 4080
news 4081
news 4082
news 4083
news 4084
news 4085
news 4086
news 4087
news 4088
news 4089
news 4090
news 4091
news 4092
news 4093
news 4094
news 4095
news 4096
news 4097
news 4098
news 4099
news 4100
news 4101
news 4102
news 4103
news 4104
news 4105
news 4106
news 4107
news 4108
news 4109
news 4110
news 4111
news 4112
news 4113
news 4114
news 4115
news 4116
news 4117
news 4118
news 4119
news 4120
news 4121
news 4122
news 4123
news 4124
news 4125
news 4126
news 4127
news 4128
news 4129
news 4130
news 4131
news 4132
news 4133
news 4134
news 4135
news 4136
news 4137
news 4138
news 4139
news 4140
news 4141
news 4142
news 4143
news 4144
news 4145
news 4146
news 4147
news 4148
news 4149
news 4150
news 4151
news 4152
news 4153
news 4154
news 4155
news 4156
news 4157
news 4158
news 4159
news 4160
news 4161
news 4162
news 4163
news 4164
news 4165
news 4166
news 4167
news 4168
news 4169
news 4170
news 4171
news 4172
news 4173
news 4174
news 4175
news 4176
news 4177
news 4178
news 4179
news 4180
news 4181
news 4182
news 4183
news 4184
news 4185
news 4186
news 4187
news 4188
news 4189
news 4190
news 4191
news 4192
news 4193
news 4194
news 4195
news 4196
news 4197
news 4198
news 4199
news 4200
news 4201
news 4202
news 4203
news 4204
news 4205
news 4206
news 4207
news 4208
news 4209
news 4210
news 4211
news 4212
news 4213
news 4214
news 4215
news 4216
news 4217
news 4218
news 4219
news 4220
news 4221
news 4222
news 4223
news 4224
news 4225
news 4226
news 4227
news 4228
news 4229
news 4230
news 4231
news 4232
news 4233
news 4234
news 4235
news 4236
news 4237
news 4238
news 4239
news 4240
news 4241
news 4242
news 4243
news 4244
news 4245
news 4246
news 4247
news 4248
news 4249
news 4250
news 4251
news 4252
news 4253
news 4254
news 4255
news 4256
news 4257
news 4258
news 4259
news 4260
news 4261
news 4262
news 4263
news 4264
news 4265
news 4266
news 4267
news 4268
news 4269
news 4270
news 4271
news 4272
news 4273
news 4274
news 4275
news 4276
news 4277
news 4278
news 4279
news 4280
news 4281
news 4282
news 4283
news 4284
news 4285
news 4286
news 4287
news 4288
news 4289
news 4290
news 4291
news 4292
news 4293
news 4294
news 4295
news 4296
news 4297
news 4298
news 4299
news 4300
news 4301
news 4302
news 4303
news 4304
news 4305
news 4306
news 4307
news 4308
news 4309
news 4310
news 4311
news 4312
news 4313
news 4314
news 4315
news 4316
news 4317
news 4318
news 4319
news 4320
news 4321
news 4322
news 4323
news 4324
news 4325
news 4326
news 4327
news 4328
news 4329
news 4330
news 4331
news 4332
news 4333
news 4334
news 4335
news 4336
news 4337
news 4338
news 4339
news 4340
news 4341
news 4342
news 4343
news 4344
news 4345
news 4346
news 4347
news 4348
news 4349
news 4350
news 4351
news 4352
news 4353
news 4354
news 4355
news 4356
news 4357
news 4358
news 4359
news 4360
news 4361
news 4362
news 4363
news 4364
news 4365
news 4366
news 4367
news 4368
news 4369
news 4370
news 4371
news 4372
news 4373
news 4374
news 4375
news 4376
news 4377
news 4378
news 4379
news 4380
news 4381
news 4382
news 4383
news 4384
news 4385
news 4386
news 4387
news 4388
news 4389
news 4390
news 4391
news 4392
news 4393
news 4394
news 4395
news 4396
news 4397
news 4398
news 4399
news 4400
news 4401
news 4402
news 4403
news 4404
news 4405
news 4406
news 4407
news 4408
news 4409
news 4410
news 4411
news 4412
news 4413
news 4414
news 4415
news 4416
news 4417
news 4418
news 4419
news 4420
news 4421
news 4422
news 4423
news 4424
news 4425
news 4426
news 4427
news 4428
news 4429
news 4430
news 4431
news 4432
news 4433
news 4434
news 4435
news 4436
news 4437
news 4438
news 4439
news 4440
news 4441
news 4442
news 4443
news 4444
news 4445
news 4446
news 4447
news 4448
news 4449
news 4450
news 4451
news 4452
news 4453
news 4454
news 4455
news 4456
news 4457
news 4458
news 4459
news 4460
news 4461
news 4462
news 4463
news 4464
news 4465
news 4466
news 4467
news 4468
news 4469
news 4470
news 4471
news 4472
news 4473
news 4474
news 4475
news 4476
news 4477
news 4478
news 4479
news 4480
news 4481
news 4482
news 4483
news 4484
news 4485
news 4486
news 4487
news 4488
news 4489
news 4490
news 4491
news 4492
news 4493
news 4494
news 4495
news 4496
news 4497
news 4498
news 4499
news 4500
news 4501
news 4502
news 4503
news 4504
news 4505
news 4506
news 4507
news 4508
news 4509
news 4510
news 4511
news 4512
news 4513
news 4514
news 4515
news 4516
news 4517
news 4518
news 4519
news 4520
news 4521
news 4522
news 4523
news 4524
news 4525
news 4526
news 4527
news 4528
news 4529
news 4530
news 4531
news 4532
news 4533
news 4534
news 4535
news 4536
news 4537
news 4538
news 4539
news 4540
news 4541
news 4542
news 4543
news 4544
news 4545
news 4546
news 4547
news 4548
news 4549
news 4550
news 4551
news 4552
news 4553
news 4554
news 4555
news 4556
news 4557
news 4558
news 4559
news 4560
news 4561
news 4562
news 4563
news 4564
news 4565
news 4566
news 4567
news 4568
news 4569
news 4570
news 4571
news 4572
news 4573
news 4574
news 4575
news 4576
news 4577
news 4578
news 4579
news 4580
news 4581
news 4582
news 4583
news 4584
news 4585
news 4586
news 4587
news 4588
news 4589
news 4590
news 4591
news 4592
news 4593
news 4594
news 4595
news 4596
news 4597
news 4598
news 4599
news 4600
news 4601
news 4602
news 4603
news 4604
news 4605
news 4606
news 4607
news 4608
news 4609
news 4610
news 4611
news 4612
news 4613
news 4614
news 4615
news 4616
news 4617
news 4618
news 4619
news 4620
news 4621
news 4622
news 4623
news 4624
news 4625
news 4626
news 4627
news 4628
news 4629
news 4630
news 4631
news 4632
news 4633
news 4634
news 4635
news 4636
news 4637
news 4638
news 4639
news 4640
news 4641
news 4642
news 4643
news 4644
news 4645
news 4646
news 4647
news 4648
news 4649
news 4650
news 4651
news 4652
news 4653
news 4654
news 4655
news 4656
news 4657
news 4658
news 4659
news 4660
news 4661
news 4662
news 4663
news 4664
news 4665
news 4666
news 4667
news 4668
news 4669
news 4670
news 4671
news 4672
news 4673
news 4674
news 4675
news 4676
news 4677
news 4678
news 4679
news 4680
news 4681
news 4682
news 4683
news 4684
news 4685
news 4686
news 4687
news 4688
news 4689
news 4690
news 4691
news 4692
news 4693
news 4694
news 4695
news 4696
news 4697
news 4698
news 4699
news 4700
news 4701
news 4702
news 4703
news 4704
news 4705
news 4706
news 4707
news 4708
news 4709
news 4710
news 4711
news 4712
news 4713
news 4714
news 4715
news 4716
news 4717
news 4718
news 4719
news 4720
news 4721
news 4722
news 4723
news 4724
news 4725
news 4726
news 4727
news 4728
news 4729
news 4730
news 4731
news 4732
news 4733
news 4734
news 4735
news 4736
news 4737
news 4738
news 4739
news 4740
news 4741
news 4742
news 4743
news 4744
news 4745
news 4746
news 4747
news 4748
news 4749
news 4750
news 4751
news 4752
news 4753
news 4754
news 4755
news 4756
news 4757
news 4758
news 4759
news 4760
news 4761
news 4762
news 4763
news 4764
news 4765
news 4766
news 4767
news 4768
news 4769
news 4770
news 4771
news 4772
news 4773
news 4774
news 4775
news 4776
news 4777
news 4778
news 4779
news 4780
news 4781
news 4782
news 4783
news 4784
news 4785
news 4786
news 4787
news 4788
news 4789
news 4790
news 4791
news 4792
news 4793
news 4794
news 4795
news 4796
news 4797
news 4798
news 4799
news 4800
news 4801
news 4802
news 4803
news 4804
news 4805
news 4806
news 4807
news 4808
news 4809
news 4810
news 4811
news 4812
news 4813
news 4814
news 4815
news 4816
news 4817
news 4818
news 4819
news 4820
news 4821
news 4822
news 4823
news 4824
news 4825
news 4826
news 4827
news 4828
news 4829
news 4830
news 4831
news 4832
news 4833
news 4834
news 4835
news 4836
news 4837
news 4838
news 4839
news 4840
news 4841
news 4842
news 4843
news 4844
news 4845
news 4846
news 4847
news 4848
news 4849
news 4850
news 4851
news 4852
news 4853
news 4854
news 4855
news 4856
news 4857
news 4858
news 4859
news 4860
news 4861
news 4862
news 4863
news 4864
news 4865
news 4866
news 4867
news 4868
news 4869
news 4870
news 4871
news 4872
news 4873
news 4874
news 4875
news 4876
news 4877
news 4878
news 4879
news 4880
news 4881
news 4882
news 4883
news 4884
news 4885
news 4886
news 4887
news 4888
news 4889
news 4890
news 4891
news 4892
news 4893
news 4894
news 4895
news 4896
news 4897
news 4898
news 4899
news 4900
news 4901
news 4902
news 4903
news 4904
news 4905
news 4906
news 4907
news 4908
news 4909
news 4910
news 4911
news 4912
news 4913
news 4914
news 4915
news 4916
news 4917
news 4918
news 4919
news 4920
news 4921
news 4922
news 4923
news 4924
news 4925
news 4926
news 4927
news 4928
news 4929
news 4930
news 4931
news 4932
news 4933
news 4934
news 4935
news 4936
news 4937
news 4938
news 4939
news 4940
news 4941
news 4942
news 4943
news 4944
news 4945
news 4946
news 4947
news 4948
news 4949
news 4950
news 4951
news 4952
news 4953
news 4954
news 4955
news 4956
news 4957
news 4958
news 4959
news 4960
news 4961
news 4962
news 4963
news 4964
news 4965
news 4966
news 4967
news 4968
news 4969
news 4970
news 4971
news 4972
news 4973
news 4974
news 4975
news 4976
news 4977
news 4978
news 4979
news 4980
news 4981
news 4982
news 4983
news 4984
news 4985
news 4986
news 4987
news 4988
news 4989
news 4990
news 4991
news 4992
news 4993
news 4994
news 4995
news 4996
news 4997
news 4998
news 4999
news 5000
news 5001
news 5002
news 5003
news 5004
news 5005
news 5006
news 5007
news 5008
news 5009
news 5010
news 5011
news 5012
news 5013
news 5014
news 5015
news 5016
news 5017
news 5018
news 5019
news 5020
news 5021
news 5022
news 5023
news 5024
news 5025
news 5026
news 5027
news 5028
news 5029
news 5030
news 5031
news 5032
news 5033
news 5034
news 5035
news 5036
news 5037
news 5038
news 5039
news 5040
news 5041
news 5042
news 5043
news 5044
news 5045
news 5046
news 5047
news 5048
news 5049
news 5050
news 5051
news 5052
news 5053
news 5054
news 5055
news 5056
news 5057
news 5058
news 5059
news 5060
news 5061
news 5062
news 5063
news 5064
news 5065
news 5066
news 5067
news 5068
news 5069
news 5070
news 5071
news 5072
news 5073
news 5074
news 5075
news 5076
news 5077
news 5078
news 5079
news 5080
news 5081
news 5082
news 5083
news 5084
news 5085
news 5086
news 5087
news 5088
news 5089
news 5090
news 5091
news 5092
news 5093
news 5094
news 5095
news 5096
news 5097
news 5098
news 5099
news 5100
news 5101
news 5102
news 5103
news 5104
news 5105
news 5106
news 5107
news 5108
news 5109
news 5110
news 5111
news 5112
news 5113
news 5114
news 5115
news 5116
news 5117
news 5118
news 5119
news 5120
news 5121
news 5122
news 5123
news 5124
news 5125
news 5126
news 5127
news 5128
news 5129
news 5130
news 5131
news 5132
news 5133
news 5134
news 5135
news 5136
news 5137
news 5138
news 5139
news 5140
news 5141
news 5142
news 5143
news 5144
news 5145
news 5146
news 5147
news 5148
news 5149
news 5150
news 5151
news 5152
news 5153
news 5154
news 5155
news 5156
news 5157
news 5158
news 5159
news 5160
news 5161
news 5162
news 5163
news 5164
news 5165
news 5166
news 5167
news 5168
news 5169
news 5170
news 5171
news 5172
news 5173
news 5174
news 5175
news 5176
news 5177
news 5178
news 5179
news 5180
news 5181
news 5182
news 5183
news 5184
news 5185
news 5186
news 5187
news 5188
news 5189
news 5190
news 5191
news 5192
news 5193
news 5194
news 5195
news 5196
news 5197
news 5198
news 5199
news 5200
news 5201
news 5202
news 5203
news 5204
news 5205
news 5206
news 5207
news 5208
news 5209
news 5210
news 5211
news 5212
news 5213
news 5214
news 5215
news 5216
news 5217
news 5218
news 5219
news 5220
news 5221
news 5222
news 5223
news 5224
news 5225
news 5226
news 5227
news 5228
news 5229
news 5230
news 5231
news 5232
news 5233
news 5234
news 5235
news 5236
news 5237
news 5238
news 5239
news 5240
news 5241
news 5242
news 5243
news 5244
news 5245
news 5246
news 5247
news 5248
news 5249
news 5250
news 5251
news 5252
news 5253
news 5254
news 5255
news 5256
news 5257
news 5258
news 5259
news 5260
news 5261
news 5262
news 5263
news 5264
news 5265
news 5266
news 5267
news 5268
news 5269
news 5270
news 5271
news 5272
news 5273
news 5274
news 5275
news 5276
news 5277
news 5278
news 5279
news 5280
news 5281
news 5282
news 5283
news 5284
news 5285
news 5286
news 5287
news 5288
news 5289
news 5290
news 5291
news 5292
news 5293
news 5294
news 5295
news 5296
news 5297
news 5298
news 5299
news 5300
news 5301
news 5302
news 5303
news 5304
news 5305
news 5306
news 5307
news 5308
news 5309
news 5310
news 5311
news 5312
news 5313
news 5314
news 5315
news 5316
news 5317
news 5318
news 5319
news 5320
news 5321
news 5322
news 5323
news 5324
news 5325
news 5326
news 5327
news 5328
news 5329
news 5330
news 5331
news 5332
news 5333
news 5334
news 5335
news 5336
news 5337
news 5338
news 5339
news 5340
news 5341
news 5342
news 5343
news 5344
news 5345
news 5346
news 5347
news 5348
news 5349
news 5350
news 5351
news 5352
news 5353
news 5354
news 5355
news 5356
news 5357
news 5358
news 5359
news 5360
news 5361
news 5362
news 5363
news 5364
news 5365
news 5366
news 5367
news 5368
news 5369
news 5370
news 5371
news 5372
news 5373
news 5374
news 5375
news 5376
news 5377
news 5378
news 5379
news 5380
news 5381
news 5382
news 5383
news 5384
news 5385
news 5386
news 5387
news 5388
news 5389
news 5390
news 5391
news 5392
news 5393
news 5394
news 5395
news 5396
news 5397
news 5398
news 5399
news 5400
news 5401
news 5402
news 5403
news 5404
news 5405
news 5406
news 5407
news 5408
news 5409
news 5410
news 5411
news 5412
news 5413
news 5414
news 5415
news 5416
news 5417
news 5418
news 5419
news 5420
news 5421
news 5422
news 5423
news 5424
news 5425
news 5426
news 5427
news 5428
news 5429
news 5430
news 5431
news 5432
news 5433
news 5434
news 5435
news 5436
news 5437
news 5438
news 5439
news 5440
news 5441
news 5442
news 5443
news 5444
news 5445
news 5446
news 5447
news 5448
news 5449
news 5450
news 5451
news 5452
news 5453
news 5454
news 5455
news 5456
news 5457
news 5458
news 5459
news 5460
news 5461
news 5462
news 5463
news 5464
news 5465
news 5466
news 5467
news 5468
news 5469
news 5470
news 5471
news 5472
news 5473
news 5474
news 5475
news 5476
news 5477
news 5478
news 5479
news 5480
news 5481
news 5482
news 5483
news 5484
news 5485
news 5486
news 5487
news 5488
news 5489
news 5490
news 5491
news 5492
news 5493
news 5494
news 5495
news 5496
news 5497
news 5498
news 5499
news 5500
news 5501
news 5502
news 5503
news 5504
news 5505
news 5506
news 5507
news 5508
news 5509
news 5510
news 5511
news 5512
news 5513
news 5514
news 5515
news 5516
news 5517
news 5518
news 5519
news 5520
news 5521
news 5522
news 5523
news 5524
news 5525
news 5526
news 5527
news 5528
news 5529
news 5530
news 5531
news 5532
news 5533
news 5534
news 5535
news 5536
news 5537
news 5538
news 5539
news 5540
news 5541
news 5542
news 5543
news 5544
news 5545
news 5546
news 5547
news 5548
news 5549
news 5550
news 5551
news 5552
news 5553
news 5554
news 5555
news 5556
news 5557
news 5558
news 5559
news 5560
news 5561
news 5562
news 5563
news 5564
news 5565
news 5566
news 5567
news 5568
news 5569
news 5570
news 5571
news 5572
news 5573
news 5574
news 5575
news 5576
news 5577
news 5578
news 5579
news 5580
news 5581
news 5582
news 5583
news 5584
news 5585
news 5586
news 5587
news 5588
news 5589
news 5590
news 5591
news 5592
news 5593
news 5594
news 5595
news 5596
news 5597
news 5598
news 5599
news 5600
news 5601
news 5602
news 5603
news 5604
news 5605
news 5606
news 5607
news 5608
news 5609
news 5610
news 5611
news 5612
news 5613
news 5614
news 5615
news 5616
news 5617
news 5618
news 5619
news 5620
news 5621
news 5622
news 5623
news 5624
news 5625
news 5626
news 5627
news 5628
news 5629
news 5630
news 5631
news 5632
news 5633
news 5634
news 5635
news 5636
news 5637
news 5638
news 5639
news 5640
news 5641
news 5642
news 5643
news 5644
news 5645
news 5646
news 5647
news 5648
news 5649
news 5650
news 5651
news 5652
news 5653
news 5654
news 5655
news 5656
news 5657
news 5658
news 5659
news 5660
news 5661
news 5662
news 5663
news 5664
news 5665
news 5666
news 5667
news 5668
news 5669
news 5670
news 5671
news 5672
news 5673
news 5674
news 5675
news 5676
news 5677
news 5678
news 5679
news 5680
news 5681
news 5682
news 5683
news 5684
news 5685
news 5686
news 5687
news 5688
news 5689
news 5690
news 5691
news 5692
news 5693
news 5694
news 5695
news 5696
news 5697
news 5698
news 5699
news 5700
news 5701
news 5702
news 5703
news 5704
news 5705
news 5706
news 5707
news 5708
news 5709
news 5710
news 5711
news 5712
news 5713
news 5714
news 5715
news 5716
news 5717
news 5718
news 5719
news 5720
news 5721
news 5722
news 5723
news 5724
news 5725
news 5726
news 5727
news 5728
news 5729
news 5730
news 5731
news 5732
news 5733
news 5734
news 5735
news 5736
news 5737
news 5738
news 5739
news 5740
news 5741
news 5742
news 5743
news 5744
news 5745
news 5746
news 5747
news 5748
news 5749
news 5750
news 5751
news 5752
news 5753
news 5754
news 5755
news 5756
news 5757
news 5758
news 5759
news 5760
news 5761
news 5762
news 5763
news 5764
news 5765
news 5766
news 5767
news 5768
news 5769
news 5770
news 5771
news 5772
news 5773
news 5774
news 5775
news 5776
news 5777
news 5778
news 5779
news 5780
news 5781
news 5782
news 5783
news 5784
news 5785
news 5786
news 5787
news 5788
news 5789
news 5790
news 5791
news 5792
news 5793
news 5794
news 5795
news 5796
news 5797
news 5798
news 5799
news 5800
news 5801
news 5802
news 5803
news 5804
news 5805
news 5806
news 5807
news 5808
news 5809
news 5810
news 5811
news 5812
news 5813
news 5814
news 5815
news 5816
news 5817
news 5818
news 5819
news 5820
news 5821
news 5822
news 5823
news 5824
news 5825
news 5826
news 5827
news 5828
news 5829
news 5830
news 5831
news 5832
news 5833
news 5834
news 5835
news 5836
news 5837
news 5838
news 5839
news 5840
news 5841
news 5842
news 5843
news 5844
news 5845
news 5846
news 5847
news 5848
news 5849
news 5850
news 5851
news 5852
news 5853
news 5854
news 5855
news 5856
news 5857
news 5858
news 5859
news 5860
news 5861
news 5862
news 5863
news 5864
news 5865
news 5866
news 5867
news 5868
news 5869
news 5870
news 5871
news 5872
news 5873
news 5874
news 5875
news 5876
news 5877
news 5878
news 5879
news 5880
news 5881
news 5882
news 5883
news 5884
news 5885
news 5886
news 5887
news 5888
news 5889
news 5890
news 5891
news 5892
news 5893
news 5894
news 5895
news 5896
news 5897
news 5898
news 5899
news 5900
news 5901
news 5902
news 5903
news 5904
news 5905
news 5906
news 5907
news 5908
news 5909
news 5910
news 5911
news 5912
news 5913
news 5914
news 5915
news 5916
news 5917
news 5918
news 5919
news 5920
news 5921
news 5922
news 5923
news 5924
news 5925
news 5926
news 5927
news 5928
news 5929
news 5930
news 5931
news 5932
news 5933
news 5934
news 5935
news 5936
news 5937
news 5938
news 5939
news 5940
news 5941
news 5942
news 5943
news 5944
news 5945
news 5946
news 5947
news 5948
news 5949
news 5950
news 5951
news 5952
news 5953
news 5954
news 5955
news 5956
news 5957
news 5958
news 5959
news 5960
news 5961
news 5962
news 5963
news 5964
news 5965
news 5966
news 5967
news 5968
news 5969
news 5970
news 5971
news 5972
news 5973
news 5974
news 5975
news 5976
news 5977
news 5978
news 5979
news 5980
news 5981
news 5982
news 5983
news 5984
news 5985
news 5986
news 5987
news 5988
news 5989
news 5990
news 5991
news 5992
news 5993
news 5994
news 5995
news 5996
news 5997
news 5998
news 5999
news 6000
news 6001
news 6002
news 6003
news 6004
news 6005
news 6006
news 6007
news 6008
news 6009
news 6010
news 6011
news 6012
news 6013
news 6014
news 6015
news 6016
news 6017
news 6018
news 6019
news 6020
news 6021
news 6022
news 6023
news 6024
news 6025
news 6026
news 6027
news 6028
news 6029
news 6030
news 6031
news 6032
news 6033
news 6034
news 6035
news 6036
news 6037
news 6038
news 6039
news 6040
news 6041
news 6042
news 6043
news 6044
news 6045
news 6046
news 6047
news 6048
news 6049
news 6050
news 6051
news 6052
news 6053
news 6054
news 6055
news 6056
news 6057
news 6058
news 6059
news 6060
news 6061
news 6062
news 6063
news 6064
news 6065
news 6066
news 6067
news 6068
news 6069
news 6070
news 6071
news 6072
news 6073
news 6074
news 6075
news 6076
news 6077
news 6078
news 6079
news 6080
news 6081
news 6082
news 6083
news 6084
news 6085
news 6086
news 6087
news 6088
news 6089
news 6090
news 6091
news 6092
news 6093
news 6094
news 6095
news 6096
news 6097
news 6098
news 6099
news 6100
news 6101
news 6102
news 6103
news 6104
news 6105
news 6106
news 6107
news 6108
news 6109
news 6110
news 6111
news 6112
news 6113
news 6114
news 6115
news 6116
news 6117
news 6118
news 6119
news 6120
news 6121
news 6122
news 6123
news 6124
news 6125
news 6126
news 6127
news 6128
news 6129
news 6130
news 6131
news 6132
news 6133
news 6134
news 6135
news 6136
news 6137
news 6138
news 6139
news 6140
news 6141
news 6142
news 6143
news 6144
news 6145
news 6146
news 6147
news 6148
news 6149
news 6150
news 6151
news 6152
news 6153
news 6154
news 6155
news 6156
news 6157
news 6158
news 6159
news 6160
news 6161
news 6162
news 6163
news 6164
news 6165
news 6166
news 6167
news 6168
news 6169
news 6170
news 6171
news 6172
news 6173
news 6174
news 6175
news 6176
news 6177
news 6178
news 6179
news 6180
news 6181
news 6182
news 6183
news 6184
news 6185
news 6186
news 6187
news 6188
news 6189
news 6190
news 6191
news 6192
news 6193
news 6194
news 6195
news 6196
news 6197
news 6198
news 6199
news 6200
news 6201
news 6202
news 6203
news 6204
news 6205
news 6206
news 6207
news 6208
news 6209
news 6210
news 6211
news 6212
news 6213
news 6214
news 6215
news 6216
news 6217
news 6218
news 6219
news 6220
news 6221
news 6222
news 6223
news 6224
news 6225
news 6226
news 6227
news 6228
news 6229
news 6230
news 6231
news 6232
news 6233
news 6234
news 6235
news 6236
news 6237
news 6238
news 6239
news 6240
news 6241
news 6242
news 6243
news 6244
news 6245
news 6246
news 6247
news 6248
news 6249
news 6250
news 6251
news 6252
news 6253
news 6254
news 6255
news 6256
news 6257
news 6258
news 6259
news 6260
news 6261
news 6262
news 6263
news 6264
news 6265
news 6266
news 6267
news 6268
news 6269
news 6270
news 6271
news 6272
news 6273
news 6274
news 6275
news 6276
news 6277
news 6278
news 6279
news 6280
news 6281
news 6282
news 6283
news 6284
news 6285
news 6286
news 6287
news 6288
news 6289
news 6290
news 6291
news 6292
news 6293
news 6294
news 6295
news 6296
news 6297
news 6298
news 6299
news 6300
news 6301
news 6302
news 6303
news 6304
news 6305
news 6306
news 6307
news 6308
news 6309
news 6310
news 6311
news 6312
news 6313
news 6314
news 6315
news 6316
news 6317
news 6318
news 6319
news 6320
news 6321
news 6322
news 6323
news 6324
news 6325
news 6326
news 6327
news 6328
news 6329
news 6330
news 6331
news 6332
news 6333
news 6334
news 6335
news 6336
news 6337
news 6338
news 6339
news 6340
news 6341
news 6342
news 6343
news 6344
news 6345
news 6346
news 6347
news 6348
news 6349
news 6350
news 6351
news 6352
news 6353
news 6354
news 6355
news 6356
news 6357
news 6358
news 6359
news 6360
news 6361
news 6362
news 6363
news 6364
news 6365
news 6366
news 6367
news 6368
news 6369
news 6370
news 6371
news 6372
news 6373
news 6374
news 6375
news 6376
news 6377
news 6378
news 6379
news 6380
news 6381
news 6382
news 6383
news 6384
news 6385
news 6386
news 6387
news 6388
news 6389
news 6390
news 6391
news 6392
news 6393
news 6394
news 6395
news 6396
news 6397
news 6398
news 6399
news 6400
news 6401
news 6402
news 6403
news 6404
news 6405
news 6406
news 6407
news 6408
news 6409
news 6410
news 6411
news 6412
news 6413
news 6414
news 6415
news 6416
news 6417
news 6418
news 6419
news 6420
news 6421
news 6422
news 6423
news 6424
news 6425
news 6426
news 6427
news 6428
news 6429
news 6430
news 6431
news 6432
news 6433
news 6434
news 6435
news 6436
news 6437
news 6438
news 6439
news 6440
news 6441
news 6442
news 6443
news 6444
news 6445
news 6446
news 6447
news 6448
news 6449
news 6450
news 6451
news 6452
news 6453
news 6454
news 6455
news 6456
news 6457
news 6458
news 6459
news 6460
news 6461
news 6462
news 6463
news 6464
news 6465
news 6466
news 6467
news 6468
news 6469
news 6470
news 6471
news 6472
news 6473
news 6474
news 6475
news 6476
news 6477
news 6478
news 6479
news 6480
news 6481
news 6482
news 6483
news 6484
news 6485
news 6486
news 6487
news 6488
news 6489
news 6490
news 6491
news 6492
news 6493
news 6494
news 6495
news 6496
news 6497
news 6498
news 6499
news 6500
news 6501
news 6502
news 6503
news 6504
news 6505
news 6506
news 6507
news 6508
news 6509
news 6510
news 6511
news 6512
news 6513
news 6514
news 6515
news 6516
news 6517
news 6518
news 6519
news 6520
news 6521
news 6522
news 6523
news 6524
news 6525
news 6526
news 6527
news 6528
news 6529
news 6530
news 6531
news 6532
news 6533
news 6534
news 6535
news 6536
news 6537
news 6538
news 6539
news 6540
news 6541
news 6542
news 6543
news 6544
news 6545
news 6546
news 6547
news 6548
news 6549
news 6550
news 6551
news 6552
news 6553
news 6554
news 6555
news 6556
news 6557
news 6558
news 6559
news 6560
news 6561
news 6562
news 6563
news 6564
news 6565
news 6566
news 6567
news 6568
news 6569
news 6570
news 6571
news 6572
news 6573
news 6574
news 6575
news 6576
news 6577
news 6578
news 6579
news 6580
news 6581
news 6582
news 6583
news 6584
news 6585
news 6586
news 6587
news 6588
news 6589
news 6590
news 6591
news 6592
news 6593
news 6594
news 6595
news 6596
news 6597
news 6598
news 6599
news 6600
news 6601
news 6602
news 6603
news 6604
news 6605
news 6606
news 6607
news 6608
news 6609
news 6610
news 6611
news 6612
news 6613
news 6614
news 6615
news 6616
news 6617
news 6618
news 6619
news 6620
news 6621
news 6622
news 6623
news 6624
news 6625
news 6626
news 6627
news 6628
news 6629
news 6630
news 6631
news 6632
news 6633
news 6634
news 6635
news 6636
news 6637
news 6638
news 6639
news 6640
news 6641
news 6642
news 6643
news 6644
news 6645
news 6646
news 6647
news 6648
news 6649
news 6650
news 6651
news 6652
news 6653
news 6654
news 6655
news 6656
news 6657
news 6658
news 6659
news 6660
news 6661
news 6662
news 6663
news 6664
news 6665
news 6666
news 6667
news 6668
news 6669
news 6670
news 6671
news 6672
news 6673
news 6674
news 6675
news 6676
news 6677
news 6678
news 6679
news 6680
news 6681
news 6682
news 6683
news 6684
news 6685
news 6686
news 6687
news 6688
news 6689
news 6690
news 6691
news 6692
news 6693
news 6694
news 6695
news 6696
news 6697
news 6698
news 6699
news 6700
news 6701
news 6702
news 6703
news 6704
news 6705
news 6706
news 6707
news 6708
news 6709
news 6710
news 6711
news 6712
news 6713
news 6714
news 6715
news 6716
news 6717
news 6718
news 6719
news 6720
news 6721
news 6722
news 6723
news 6724
news 6725
news 6726
news 6727
news 6728
news 6729
news 6730
news 6731
news 6732
news 6733
news 6734
news 6735
news 6736
news 6737
news 6738
news 6739
news 6740
news 6741
news 6742
news 6743
news 6744
news 6745
news 6746
news 6747
news 6748
news 6749
news 6750
news 6751
news 6752
news 6753
news 6754
news 6755
news 6756
news 6757
news 6758
news 6759
news 6760
news 6761
news 6762
news 6763
news 6764
news 6765
news 6766
news 6767
news 6768
news 6769
news 6770
news 6771
news 6772
news 6773
news 6774
news 6775
news 6776
news 6777
news 6778
news 6779
news 6780
news 6781
news 6782
news 6783
news 6784
news 6785
news 6786
news 6787
news 6788
news 6789
news 6790
news 6791
news 6792
news 6793
news 6794
news 6795
news 6796
news 6797
news 6798
news 6799
news 6800
news 6801
news 6802
news 6803
news 6804
news 6805
news 6806
news 6807
news 6808
news 6809
news 6810
news 6811
news 6812
news 6813
news 6814
news 6815
news 6816
news 6817
news 6818
news 6819
news 6820
news 6821
news 6822
news 6823
news 6824
news 6825
news 6826
news 6827
news 6828
news 6829
news 6830
news 6831
news 6832
news 6833
news 6834
news 6835
news 6836
news 6837
news 6838
news 6839
news 6840
news 6841
news 6842
news 6843
news 6844
news 6845
news 6846
news 6847
news 6848
news 6849
news 6850
news 6851
news 6852
news 6853
news 6854
news 6855
news 6856
news 6857
news 6858
news 6859
news 6860
news 6861
news 6862
news 6863
news 6864
news 6865
news 6866
news 6867
news 6868
news 6869
news 6870
news 6871
news 6872
news 6873
news 6874
news 6875
news 6876
news 6877
news 6878
news 6879
news 6880
news 6881
news 6882
news 6883
news 6884
news 6885
news 6886
news 6887
news 6888
news 6889
news 6890
news 6891
news 6892
news 6893
news 6894
news 6895
news 6896
news 6897
news 6898
news 6899
news 6900
news 6901
news 6902
news 6903
news 6904
news 6905
news 6906
news 6907
news 6908
news 6909
news 6910
news 6911
news 6912
news 6913
news 6914
news 6915
news 6916
news 6917
news 6918
news 6919
news 6920
news 6921
news 6922
news 6923
news 6924
news 6925
news 6926
news 6927
news 6928
news 6929
news 6930
news 6931
news 6932
news 6933
news 6934
news 6935
news 6936
news 6937
news 6938
news 6939
news 6940
news 6941
news 6942
news 6943
news 6944
news 6945
news 6946
news 6947
news 6948
news 6949
news 6950
news 6951
news 6952
news 6953
news 6954
news 6955
news 6956
news 6957
news 6958
news 6959
news 6960
news 6961
news 6962
news 6963
news 6964
news 6965
news 6966
news 6967
news 6968
news 6969
news 6970
news 6971
news 6972
news 6973
news 6974
news 6975
news 6976
news 6977
news 6978
news 6979
news 6980
news 6981
news 6982
news 6983
news 6984
news 6985
news 6986
news 6987
news 6988
news 6989
news 6990
news 6991
news 6992
news 6993
news 6994
news 6995
news 6996
news 6997
news 6998
news 6999
news 7000
news 7001
news 7002
news 7003
news 7004
news 7005
news 7006
news 7007
news 7008
news 7009
news 7010
news 7011
news 7012
news 7013
news 7014
news 7015
news 7016
news 7017
news 7018
news 7019
news 7020
news 7021
news 7022
news 7023
news 7024
news 7025
news 7026
news 7027
news 7028
news 7029
news 7030
news 7031
news 7032
news 7033
news 7034
news 7035
news 7036
news 7037
news 7038
news 7039
news 7040
news 7041
news 7042
news 7043
news 7044
news 7045
news 7046
news 7047
news 7048
news 7049
news 7050
news 7051
news 7052
news 7053
news 7054
news 7055
news 7056
news 7057
news 7058
news 7059
news 7060
news 7061
news 7062
news 7063
news 7064
news 7065
news 7066
news 7067
news 7068
news 7069
news 7070
news 7071
news 7072
news 7073
news 7074
news 7075
news 7076
news 7077
news 7078
news 7079
news 7080
news 7081
news 7082
news 7083
news 7084
news 7085
news 7086
news 7087
news 7088
news 7089
news 7090
news 7091
news 7092
news 7093
news 7094
news 7095
news 7096
news 7097
news 7098
news 7099
news 7100
news 7101
news 7102
news 7103
news 7104
news 7105
news 7106
news 7107
news 7108
news 7109
news 7110
news 7111
news 7112
news 7113
news 7114
news 7115
news 7116
news 7117
news 7118
news 7119
news 7120
news 7121
news 7122
news 7123
news 7124
news 7125
news 7126
news 7127
news 7128
news 7129
news 7130
news 7131
news 7132
news 7133
news 7134
news 7135
news 7136
news 7137
news 7138
news 7139
news 7140
news 7141
news 7142
news 7143
news 7144
news 7145
news 7146
news 7147
news 7148
news 7149
news 7150
news 7151
news 7152
news 7153
news 7154
news 7155
news 7156
news 7157
news 7158
news 7159
news 7160
news 7161
news 7162
news 7163
news 7164
news 7165
news 7166
news 7167
news 7168
news 7169
news 7170
news 7171
news 7172
news 7173
news 7174
news 7175
news 7176
news 7177
news 7178
news 7179
news 7180
news 7181
news 7182
news 7183
news 7184
news 7185
news 7186
news 7187
news 7188
news 7189
news 7190
news 7191
news 7192
news 7193
news 7194
news 7195
news 7196
news 7197
news 7198
news 7199
news 7200
news 7201
news 7202
news 7203
news 7204
news 7205
news 7206
news 7207
news 7208
news 7209
news 7210
news 7211
news 7212
news 7213
news 7214
news 7215
news 7216
news 7217
news 7218
news 7219
news 7220
news 7221
news 7222
news 7223
news 7224
news 7225
news 7226
news 7227
news 7228
news 7229
news 7230
news 7231
news 7232
news 7233
news 7234
news 7235
news 7236
news 7237
news 7238
news 7239
news 7240
news 7241
news 7242
news 7243
news 7244
news 7245
news 7246
news 7247
news 7248
news 7249
news 7250
news 7251
news 7252
news 7253
news 7254
news 7255
news 7256
news 7257
news 7258
news 7259
news 7260
news 7261
news 7262
news 7263
news 7264
news 7265
news 7266
news 7267
news 7268
news 7269
news 7270
news 7271
news 7272
news 7273
news 7274
news 7275
news 7276
news 7277
news 7278
news 7279
news 7280
news 7281
news 7282
news 7283
news 7284
news 7285
news 7286
news 7287
news 7288
news 7289
news 7290
news 7291
news 7292
news 7293
news 7294
news 7295
news 7296
news 7297
news 7298
news 7299
news 7300
news 7301
news 7302
news 7303
news 7304
news 7305
news 7306
news 7307
news 7308
news 7309
news 7310
news 7311
news 7312
news 7313
news 7314
news 7315
news 7316
news 7317
news 7318
news 7319
news 7320
news 7321
news 7322
news 7323
news 7324
news 7325
news 7326
news 7327
news 7328
news 7329
news 7330
news 7331
news 7332
news 7333
news 7334
news 7335
news 7336
news 7337
news 7338
news 7339
news 7340
news 7341
news 7342
news 7343
news 7344
news 7345
news 7346
news 7347
news 7348
news 7349
news 7350
news 7351
news 7352
news 7353
news 7354
news 7355
news 7356
news 7357
news 7358
news 7359
news 7360
news 7361
news 7362
news 7363
news 7364
news 7365
news 7366
news 7367
news 7368
news 7369
news 7370
news 7371
news 7372
news 7373
news 7374
news 7375
news 7376
news 7377
news 7378
news 7379
news 7380
news 7381
news 7382
news 7383
news 7384
news 7385
news 7386
news 7387
news 7388
news 7389
news 7390
news 7391
news 7392
news 7393
news 7394
news 7395
news 7396
news 7397
news 7398
news 7399
news 7400
news 7401
news 7402
news 7403
news 7404
news 7405
news 7406
news 7407
news 7408
news 7409
news 7410
news 7411
news 7412
news 7413
news 7414
news 7415
news 7416
news 7417
news 7418
news 7419
news 7420
news 7421
news 7422
news 7423
news 7424
news 7425
news 7426
news 7427
news 7428
news 7429
news 7430
news 7431
news 7432
news 7433
news 7434
news 7435
news 7436
news 7437
news 7438
news 7439
news 7440
news 7441
news 7442
news 7443
news 7444
news 7445
news 7446
news 7447
news 7448
news 7449
news 7450
news 7451
news 7452
news 7453
news 7454
news 7455
news 7456
news 7457
news 7458
news 7459
news 7460
news 7461
news 7462
news 7463
news 7464
news 7465
news 7466
news 7467
news 7468
news 7469
news 7470
news 7471
news 7472
news 7473
news 7474
news 7475
news 7476
news 7477
news 7478
news 7479
news 7480
news 7481
news 7482
news 7483
news 7484
news 7485
news 7486
news 7487
news 7488
news 7489
news 7490
news 7491
news 7492
news 7493
news 7494
news 7495
news 7496
news 7497
news 7498
news 7499
news 7500
news 7501
news 7502
news 7503
news 7504
news 7505
news 7506
news 7507
news 7508
news 7509
news 7510
news 7511
news 7512
news 7513
news 7514
news 7515
news 7516
news 7517
news 7518
news 7519
news 7520
news 7521
news 7522
news 7523
news 7524
news 7525
news 7526
news 7527
news 7528
news 7529
news 7530
news 7531
news 7532
news 7533
news 7534
news 7535
news 7536
news 7537
news 7538
news 7539
news 7540
news 7541
news 7542
news 7543
news 7544
news 7545
news 7546
news 7547
news 7548
news 7549
news 7550
news 7551
news 7552
news 7553
news 7554
news 7555
news 7556
news 7557
news 7558
news 7559
news 7560
news 7561
news 7562
news 7563
news 7564
news 7565
news 7566
news 7567
news 7568
news 7569
news 7570
news 7571
news 7572
news 7573
news 7574
news 7575
news 7576
news 7577
news 7578
news 7579
news 7580
news 7581
news 7582
news 7583
news 7584
news 7585
news 7586
news 7587
news 7588
news 7589
news 7590
news 7591
news 7592
news 7593
news 7594
news 7595
news 7596
news 7597
news 7598
news 7599
news 7600
news 7601
news 7602
news 7603
news 7604
news 7605
news 7606
news 7607
news 7608
news 7609
news 7610
news 7611
news 7612
news 7613
news 7614
news 7615
news 7616
news 7617
news 7618
news 7619
news 7620
news 7621
news 7622
news 7623
news 7624
news 7625
news 7626
news 7627
news 7628
news 7629
news 7630
news 7631
news 7632
news 7633
news 7634
news 7635
news 7636
news 7637
news 7638
news 7639
news 7640
news 7641
news 7642
news 7643
news 7644
news 7645
news 7646
news 7647
news 7648
news 7649
news 7650
news 7651
news 7652
news 7653
news 7654
news 7655
news 7656
news 7657
news 7658
news 7659
news 7660
news 7661
news 7662
news 7663
news 7664
news 7665
news 7666
news 7667
news 7668
news 7669
news 7670
news 7671
news 7672
news 7673
news 7674
news 7675
news 7676
news 7677
news 7678
news 7679
news 7680
news 7681
news 7682
news 7683
news 7684
news 7685
news 7686
news 7687
news 7688
news 7689
news 7690
news 7691
news 7692
news 7693
news 7694
news 7695
news 7696
news 7697
news 7698
news 7699
news 7700
news 7701
news 7702
news 7703
news 7704
news 7705
news 7706
news 7707
news 7708
news 7709
news 7710
news 7711
news 7712
news 7713
news 7714
news 7715
news 7716
news 7717
news 7718
news 7719
news 7720
news 7721
news 7722
news 7723
news 7724
news 7725
news 7726
news 7727
news 7728
news 7729
news 7730
news 7731
news 7732
news 7733
news 7734
news 7735
news 7736
news 7737
news 7738
news 7739
news 7740
news 7741
news 7742
news 7743
news 7744
news 7745
news 7746
news 7747
news 7748
news 7749
news 7750
news 7751
news 7752
news 7753
news 7754
news 7755
news 7756
news 7757
news 7758
news 7759
news 7760
news 7761
news 7762
news 7763
news 7764
news 7765
news 7766
news 7767
news 7768
news 7769
news 7770
news 7771
news 7772
news 7773
news 7774
news 7775
news 7776
news 7777
news 7778
news 7779
news 7780
news 7781
news 7782
news 7783
news 7784
news 7785
news 7786
news 7787
news 7788
news 7789
news 7790
news 7791
news 7792
news 7793
news 7794
news 7795
news 7796
news 7797
news 7798
news 7799
news 7800
news 7801
news 7802
news 7803
news 7804
news 7805
news 7806
news 7807
news 7808
news 7809
news 7810
news 7811
news 7812
news 7813
news 7814
news 7815
news 7816
news 7817
news 7818
news 7819
news 7820
news 7821
news 7822
news 7823
news 7824
news 7825
news 7826
news 7827
news 7828
news 7829
news 7830
news 7831
news 7832
news 7833
news 7834
news 7835
news 7836
news 7837
news 7838
news 7839
news 7840
news 7841
news 7842
news 7843
news 7844
news 7845
news 7846
news 7847
news 7848
news 7849
news 7850
news 7851
news 7852
news 7853
news 7854
news 7855
news 7856
news 7857
news 7858
news 7859
news 7860
news 7861
news 7862
news 7863
news 7864
news 7865
news 7866
news 7867
news 7868
news 7869
news 7870
news 7871
news 7872
news 7873
news 7874
news 7875
news 7876
news 7877
news 7878
news 7879
news 7880
news 7881
news 7882
news 7883
news 7884
news 7885
news 7886
news 7887
news 7888
news 7889
news 7890
news 7891
news 7892
news 7893
news 7894
news 7895
news 7896
news 7897
news 7898
news 7899
news 7900
news 7901
news 7902
news 7903
news 7904
news 7905
news 7906
news 7907
news 7908
news 7909
news 7910
news 7911
news 7912
news 7913
news 7914
news 7915
news 7916
news 7917
news 7918
news 7919
news 7920
news 7921
news 7922
news 7923
news 7924
news 7925
news 7926
news 7927
news 7928
news 7929
news 7930
news 7931
news 7932
news 7933
news 7934
news 7935
news 7936
news 7937
news 7938
news 7939
news 7940
news 7941
news 7942
news 7943
news 7944
news 7945
news 7946
news 7947
news 7948
news 7949
news 7950
news 7951
news 7952
news 7953
news 7954
news 7955
news 7956
news 7957
news 7958
news 7959
news 7960
news 7961
news 7962
news 7963
news 7964
news 7965
news 7966
news 7967
news 7968
news 7969
news 7970
news 7971
news 7972
news 7973
news 7974
news 7975
news 7976
news 7977
news 7978
news 7979
news 7980
news 7981
news 7982
news 7983
news 7984
news 7985
news 7986
news 7987
news 7988
news 7989
news 7990
news 7991
news 7992
news 7993
news 7994
news 7995
news 7996
news 7997
news 7998
news 7999
news 8000
news 8001
news 8002
news 8003
news 8004
news 8005
news 8006
news 8007
news 8008
news 8009
news 8010
news 8011
news 8012
news 8013
news 8014
news 8015
news 8016
news 8017
news 8018
news 8019
news 8020
news 8021
news 8022
news 8023
news 8024
news 8025
news 8026
news 8027
news 8028
news 8029
news 8030
news 8031
news 8032
news 8033
news 8034
news 8035
news 8036
news 8037
news 8038
news 8039
news 8040
news 8041
news 8042
news 8043
news 8044
news 8045
news 8046
news 8047
news 8048
news 8049
news 8050
news 8051
news 8052
news 8053
news 8054
news 8055
news 8056
news 8057
news 8058
news 8059
news 8060
news 8061
news 8062
news 8063
news 8064
news 8065
news 8066
news 8067
news 8068
news 8069
news 8070
news 8071
news 8072
news 8073
news 8074
news 8075
news 8076
news 8077
news 8078
news 8079
news 8080
news 8081
news 8082
news 8083
news 8084
news 8085
news 8086
news 8087
news 8088
news 8089
news 8090
news 8091
news 8092
news 8093
news 8094
news 8095
news 8096
news 8097
news 8098
news 8099
news 8100
news 8101
news 8102
news 8103
news 8104
news 8105
news 8106
news 8107
news 8108
news 8109
news 8110
news 8111
news 8112
news 8113
news 8114
news 8115
news 8116
news 8117
news 8118
news 8119
news 8120
news 8121
news 8122
news 8123
news 8124
news 8125
news 8126
news 8127
news 8128
news 8129
news 8130
news 8131
news 8132
news 8133
news 8134
news 8135
news 8136
news 8137
news 8138
news 8139
news 8140
news 8141
news 8142
news 8143
news 8144
news 8145
news 8146
news 8147
news 8148
news 8149
news 8150
news 8151
news 8152
news 8153
news 8154
news 8155
news 8156
news 8157
news 8158
news 8159
news 8160
news 8161
news 8162
news 8163
news 8164
news 8165
news 8166
news 8167
news 8168
news 8169
news 8170
news 8171
news 8172
news 8173
news 8174
news 8175
news 8176
news 8177
news 8178
news 8179
news 8180
news 8181
news 8182
news 8183
news 8184
news 8185
news 8186
news 8187
news 8188
news 8189
news 8190
news 8191
news 8192
news 8193
news 8194
news 8195
news 8196
news 8197
news 8198
news 8199
news 8200
news 8201
news 8202
news 8203
news 8204
news 8205
news 8206
news 8207
news 8208
news 8209
news 8210
news 8211
news 8212
news 8213
news 8214
news 8215
news 8216
news 8217
news 8218
news 8219
news 8220
news 8221
news 8222
news 8223
news 8224
news 8225
news 8226
news 8227
news 8228
news 8229
news 8230
news 8231
news 8232
news 8233
news 8234
news 8235
news 8236
news 8237
news 8238
news 8239
news 8240
news 8241
news 8242
news 8243
news 8244
news 8245
news 8246
news 8247
news 8248
news 8249
news 8250
news 8251
news 8252
news 8253
news 8254
news 8255
news 8256
news 8257
news 8258
news 8259
news 8260
news 8261
news 8262
news 8263
news 8264
news 8265
news 8266
news 8267
news 8268
news 8269
news 8270
news 8271
news 8272
news 8273
news 8274
news 8275
news 8276
news 8277
news 8278
news 8279
news 8280
news 8281
news 8282
news 8283
news 8284
news 8285
news 8286
news 8287
news 8288
news 8289
news 8290
news 8291
news 8292
news 8293
news 8294
news 8295
news 8296
news 8297
news 8298
news 8299
news 8300
news 8301
news 8302
news 8303
news 8304
news 8305
news 8306
news 8307
news 8308
news 8309
news 8310
news 8311
news 8312
news 8313
news 8314
news 8315
news 8316
news 8317
news 8318
news 8319
news 8320
news 8321
news 8322
news 8323
news 8324
news 8325
news 8326
news 8327
news 8328
news 8329
news 8330
news 8331
news 8332
news 8333
news 8334
news 8335
news 8336
news 8337
news 8338
news 8339
news 8340
news 8341
news 8342
news 8343
news 8344
news 8345
news 8346
news 8347
news 8348
news 8349
news 8350
news 8351
news 8352
news 8353
news 8354
news 8355
news 8356
news 8357
news 8358
news 8359
news 8360
news 8361
news 8362
news 8363
news 8364
news 8365
news 8366
news 8367
news 8368
news 8369
news 8370
news 8371
news 8372
news 8373
news 8374
news 8375
news 8376
news 8377
news 8378
news 8379
news 8380
news 8381
news 8382
news 8383
news 8384
news 8385
news 8386
news 8387
news 8388
news 8389
news 8390
news 8391
news 8392
news 8393
news 8394
news 8395
news 8396
news 8397
news 8398
news 8399
news 8400
news 8401
news 8402
news 8403
news 8404
news 8405
news 8406
news 8407
news 8408
news 8409
news 8410
news 8411
news 8412
news 8413
news 8414
news 8415
news 8416
news 8417
news 8418
news 8419
news 8420
news 8421
news 8422
news 8423
news 8424
news 8425
news 8426
news 8427
news 8428
news 8429
news 8430
news 8431
news 8432
news 8433
news 8434
news 8435
news 8436
news 8437
news 8438
news 8439
news 8440
news 8441
news 8442
news 8443
news 8444
news 8445
news 8446
news 8447
news 8448
news 8449
news 8450
news 8451
news 8452
news 8453
news 8454
news 8455
news 8456
news 8457
news 8458
news 8459
news 8460
news 8461
news 8462
news 8463
news 8464
news 8465
news 8466
news 8467
news 8468
news 8469
news 8470
news 8471
news 8472
news 8473
news 8474
news 8475
news 8476
news 8477
news 8478
news 8479
news 8480
news 8481
news 8482
news 8483
news 8484
news 8485
news 8486
news 8487
news 8488
news 8489
news 8490
news 8491
news 8492
news 8493
news 8494
news 8495
news 8496
news 8497
news 8498
news 8499
news 8500
news 8501
news 8502
news 8503
news 8504
news 8505
news 8506
news 8507
news 8508
news 8509
news 8510
news 8511
news 8512
news 8513
news 8514
news 8515
news 8516
news 8517
news 8518
news 8519
news 8520
news 8521
news 8522
news 8523
news 8524
news 8525
news 8526
news 8527
news 8528
news 8529
news 8530
news 8531
news 8532
news 8533
news 8534
news 8535
news 8536
news 8537
news 8538
news 8539
news 8540
news 8541
news 8542
news 8543
news 8544
news 8545
news 8546
news 8547
news 8548
news 8549
news 8550
news 8551
news 8552
news 8553
news 8554
news 8555
news 8556
news 8557
news 8558
news 8559
news 8560
news 8561
news 8562
news 8563
news 8564
news 8565
news 8566
news 8567
news 8568
news 8569
news 8570
news 8571
news 8572
news 8573
news 8574
news 8575
news 8576
news 8577
news 8578
news 8579
news 8580
news 8581
news 8582
news 8583
news 8584
news 8585
news 8586
news 8587
news 8588
news 8589
news 8590
news 8591
news 8592
news 8593
news 8594
news 8595
news 8596
news 8597
news 8598
news 8599
news 8600
news 8601
news 8602
news 8603
news 8604
news 8605
news 8606
news 8607
news 8608
news 8609
news 8610
news 8611
news 8612
news 8613
news 8614
news 8615
news 8616
news 8617
news 8618
news 8619
news 8620
news 8621
news 8622
news 8623
news 8624
news 8625
news 8626
news 8627
news 8628
news 8629
news 8630
news 8631
news 8632
news 8633
news 8634
news 8635
news 8636
news 8637
news 8638
news 8639
news 8640
news 8641
news 8642
news 8643
news 8644
news 8645
news 8646
news 8647
news 8648
news 8649
news 8650
news 8651
news 8652
news 8653
news 8654
news 8655
news 8656
news 8657
news 8658
news 8659
news 8660
news 8661
news 8662
news 8663
news 8664
news 8665
news 8666
news 8667
news 8668
news 8669
news 8670
news 8671
news 8672
news 8673
news 8674
news 8675
news 8676
news 8677
news 8678
news 8679
news 8680
news 8681
news 8682
news 8683
news 8684
news 8685
news 8686
news 8687
news 8688
news 8689
news 8690
news 8691
news 8692
news 8693
news 8694
news 8695
news 8696
news 8697
news 8698
news 8699
news 8700
news 8701
news 8702
news 8703
news 8704
news 8705
news 8706
news 8707
news 8708
news 8709
news 8710
news 8711
news 8712
news 8713
news 8714
news 8715
news 8716
news 8717
news 8718
news 8719
news 8720
news 8721
news 8722
news 8723
news 8724
news 8725
news 8726
news 8727
news 8728
news 8729
news 8730
news 8731
news 8732
news 8733
news 8734
news 8735
news 8736
news 8737
news 8738
news 8739
news 8740
news 8741
news 8742
news 8743
news 8744
news 8745
news 8746
news 8747
news 8748
news 8749
news 8750
news 8751
news 8752
news 8753
news 8754
news 8755
news 8756
news 8757
news 8758
news 8759
news 8760
news 8761
news 8762
news 8763
news 8764
news 8765
news 8766
news 8767
news 8768
news 8769
news 8770
news 8771
news 8772
news 8773
news 8774
news 8775
news 8776
news 8777
news 8778
news 8779
news 8780
news 8781
news 8782
news 8783
news 8784
news 8785
news 8786
news 8787
news 8788
news 8789
news 8790
news 8791
news 8792
news 8793
news 8794
news 8795
news 8796
news 8797
news 8798
news 8799
news 8800
news 8801
news 8802
news 8803
news 8804
news 8805
news 8806
news 8807
news 8808
news 8809
news 8810
news 8811
news 8812
news 8813
news 8814
news 8815
news 8816
news 8817
news 8818
news 8819
news 8820
news 8821
news 8822
news 8823
news 8824
news 8825
news 8826
news 8827
news 8828
news 8829
news 8830
news 8831
news 8832
news 8833
news 8834
news 8835
news 8836
news 8837
news 8838
news 8839
news 8840
news 8841
news 8842
news 8843
news 8844
news 8845
news 8846
news 8847
news 8848
news 8849
news 8850
news 8851
news 8852
news 8853
news 8854
news 8855
news 8856
news 8857
news 8858
news 8859
news 8860
news 8861
news 8862
news 8863
news 8864
news 8865
news 8866
news 8867
news 8868
news 8869
news 8870
news 8871
news 8872
news 8873
news 8874
news 8875
news 8876
news 8877
news 8878
news 8879
news 8880
news 8881
news 8882
news 8883
news 8884
news 8885
news 8886
news 8887
news 8888
news 8889
news 8890
news 8891
news 8892
news 8893
news 8894
news 8895
news 8896
news 8897
news 8898
news 8899
news 8900
news 8901
news 8902
news 8903
news 8904
news 8905
news 8906
news 8907
news 8908
news 8909
news 8910
news 8911
news 8912
news 8913
news 8914
news 8915
news 8916
news 8917
news 8918
news 8919
news 8920
news 8921
news 8922
news 8923
news 8924
news 8925
news 8926
news 8927
news 8928
news 8929
news 8930
news 8931
news 8932
news 8933
news 8934
news 8935
news 8936
news 8937
news 8938
news 8939
news 8940
news 8941
news 8942
news 8943
news 8944
news 8945
news 8946
news 8947
news 8948
news 8949
news 8950
news 8951
news 8952
news 8953
news 8954
news 8955
news 8956
news 8957
news 8958
news 8959
news 8960
news 8961
news 8962
news 8963
news 8964
news 8965
news 8966
news 8967
news 8968
news 8969
news 8970
news 8971
news 8972
news 8973
news 8974
news 8975
news 8976
news 8977
news 8978
news 8979
news 8980
news 8981
news 8982
news 8983
news 8984
news 8985
news 8986
news 8987
news 8988
news 8989
news 8990
news 8991
news 8992
news 8993
news 8994
news 8995
news 8996
news 8997
news 8998
news 8999
news 9000
news 9001
news 9002
news 9003
news 9004
news 9005
news 9006
news 9007
news 9008
news 9009
news 9010
news 9011
news 9012
news 9013
news 9014
news 9015
news 9016
news 9017
news 9018
news 9019
news 9020
news 9021
news 9022
news 9023
news 9024
news 9025
news 9026
news 9027
news 9028
news 9029
news 9030
news 9031
news 9032
news 9033
news 9034
news 9035
news 9036
news 9037
news 9038
news 9039
news 9040
news 9041
news 9042
news 9043
news 9044
news 9045
news 9046
news 9047
news 9048
news 9049
news 9050
news 9051
news 9052
news 9053
news 9054
news 9055
news 9056
news 9057
news 9058
news 9059
news 9060
news 9061
news 9062
news 9063
news 9064
news 9065
news 9066
news 9067
news 9068
news 9069
news 9070
news 9071
news 9072
news 9073
news 9074
news 9075
news 9076
news 9077
news 9078
news 9079
news 9080
news 9081
news 9082
news 9083
news 9084
news 9085
news 9086
news 9087
news 9088
news 9089
news 9090
news 9091
news 9092
news 9093
news 9094
news 9095
news 9096
news 9097
news 9098
news 9099
news 9100
news 9101
news 9102
news 9103
news 9104
news 9105
news 9106
news 9107
news 9108
news 9109
news 9110
news 9111
news 9112
news 9113
news 9114
news 9115
news 9116
news 9117
news 9118
news 9119
news 9120
news 9121
news 9122
news 9123
news 9124
news 9125
news 9126
news 9127
news 9128
news 9129
news 9130
news 9131
news 9132
news 9133
news 9134
news 9135
news 9136
news 9137
news 9138
news 9139
news 9140
news 9141
news 9142
news 9143
news 9144
news 9145
news 9146
news 9147
news 9148
news 9149
news 9150
news 9151
news 9152
news 9153
news 9154
news 9155
news 9156
news 9157
news 9158
news 9159
news 9160
news 9161
news 9162
news 9163
news 9164
news 9165
news 9166
news 9167
news 9168
news 9169
news 9170
news 9171
news 9172
news 9173
news 9174
news 9175
news 9176
news 9177
news 9178
news 9179
news 9180
news 9181
news 9182
news 9183
news 9184
news 9185
news 9186
news 9187
news 9188
news 9189
news 9190
news 9191
news 9192
news 9193
news 9194
news 9195
news 9196
news 9197
news 9198
news 9199
news 9200
news 9201
news 9202
news 9203
news 9204
news 9205
news 9206
news 9207
news 9208
news 9209
news 9210
news 9211
news 9212
news 9213
news 9214
news 9215
news 9216
news 9217
news 9218
news 9219
news 9220
news 9221
news 9222
news 9223
news 9224
news 9225
news 9226
news 9227
news 9228
news 9229
news 9230
news 9231
news 9232
news 9233
news 9234
news 9235
news 9236
news 9237
news 9238
news 9239
news 9240
news 9241
news 9242
news 9243
news 9244
news 9245
news 9246
news 9247
news 9248
news 9249
news 9250
news 9251
news 9252
news 9253
news 9254
news 9255
news 9256
news 9257
news 9258
news 9259
news 9260
news 9261
news 9262
news 9263
news 9264
news 9265
news 9266
news 9267
news 9268
news 9269
news 9270
news 9271
news 9272
news 9273
news 9274
news 9275
news 9276
news 9277
news 9278
news 9279
news 9280
news 9281
news 9282
news 9283
news 9284
news 9285
news 9286
news 9287
news 9288
news 9289
news 9290
news 9291
news 9292
news 9293
news 9294
news 9295
news 9296
news 9297
news 9298
news 9299
news 9300
news 9301
news 9302
news 9303
news 9304
news 9305
news 9306
news 9307
news 9308
news 9309
news 9310
news 9311
news 9312
news 9313
news 9314
news 9315
news 9316
news 9317
news 9318
news 9319
news 9320
news 9321
news 9322
news 9323
news 9324
news 9325
news 9326
news 9327
news 9328
news 9329
news 9330
news 9331
news 9332
news 9333
news 9334
news 9335
news 9336
news 9337
news 9338
news 9339
news 9340
news 9341
news 9342
news 9343
news 9344
news 9345
news 9346
news 9347
news 9348
news 9349
news 9350
news 9351
news 9352
news 9353
news 9354
news 9355
news 9356
news 9357
news 9358
news 9359
news 9360
news 9361
news 9362
news 9363
news 9364
news 9365
news 9366
news 9367
news 9368
news 9369
news 9370
news 9371
news 9372
news 9373
news 9374
news 9375
news 9376
news 9377
news 9378
news 9379
news 9380
news 9381
news 9382
news 9383
news 9384
news 9385
news 9386
news 9387
news 9388
news 9389
news 9390
news 9391
news 9392
news 9393
news 9394
news 9395
news 9396
news 9397
news 9398
news 9399
news 9400
news 9401
news 9402
news 9403
news 9404
news 9405
news 9406
news 9407
news 9408
news 9409
news 9410
news 9411
news 9412
news 9413
news 9414
news 9415
news 9416
news 9417
news 9418
news 9419
news 9420
news 9421
news 9422
news 9423
news 9424
news 9425
news 9426
news 9427
news 9428
news 9429
news 9430
news 9431
news 9432
news 9433
news 9434
news 9435
news 9436
news 9437
news 9438
news 9439
news 9440
news 9441
news 9442
news 9443
news 9444
news 9445
news 9446
news 9447
news 9448
news 9449
news 9450
news 9451
news 9452
news 9453
news 9454
news 9455
news 9456
news 9457
news 9458
news 9459
news 9460
news 9461
news 9462
news 9463
news 9464
news 9465
news 9466
news 9467
news 9468
news 9469
news 9470
news 9471
news 9472
news 9473
news 9474
news 9475
news 9476
news 9477
news 9478
news 9479
news 9480
news 9481
news 9482
news 9483
news 9484
news 9485
news 9486
news 9487
news 9488
news 9489
news 9490
news 9491
news 9492
news 9493
news 9494
news 9495
news 9496
news 9497
news 9498
news 9499
news 9500
news 9501
news 9502
news 9503
news 9504
news 9505
news 9506
news 9507
news 9508
news 9509
news 9510
news 9511
news 9512
news 9513
news 9514
news 9515
news 9516
news 9517
news 9518
news 9519
news 9520
news 9521
news 9522
news 9523
news 9524
news 9525
news 9526
news 9527
news 9528
news 9529
news 9530
news 9531
news 9532
news 9533
news 9534
news 9535
news 9536
news 9537
news 9538
news 9539
news 9540
news 9541
news 9542
news 9543
news 9544
news 9545
news 9546
news 9547
news 9548
news 9549
news 9550
news 9551
news 9552
news 9553
news 9554
news 9555
news 9556
news 9557
news 9558
news 9559
news 9560
news 9561
news 9562
news 9563
news 9564
news 9565
news 9566
news 9567
news 9568
news 9569
news 9570
news 9571
news 9572
news 9573
news 9574
news 9575
news 9576
news 9577
news 9578
news 9579
news 9580
news 9581
news 9582
news 9583
news 9584
news 9585
news 9586
news 9587
news 9588
news 9589
news 9590
news 9591
news 9592
news 9593
news 9594
news 9595
news 9596
news 9597
news 9598
news 9599
news 9600
news 9601
news 9602
news 9603
news 9604
news 9605
news 9606
news 9607
news 9608
news 9609
news 9610
news 9611
news 9612
news 9613
news 9614
news 9615
news 9616
news 9617
news 9618
news 9619
news 9620
news 9621
news 9622
news 9623
news 9624
news 9625
news 9626
news 9627
news 9628
news 9629
news 9630
news 9631
news 9632
news 9633
news 9634
news 9635
news 9636
news 9637
news 9638
news 9639
news 9640
news 9641
news 9642
news 9643
news 9644
news 9645
news 9646
news 9647
news 9648
news 9649
news 9650
news 9651
news 9652
news 9653
news 9654
news 9655
news 9656
news 9657
news 9658
news 9659
news 9660
news 9661
news 9662
news 9663
news 9664
news 9665
news 9666
news 9667
news 9668
news 9669
news 9670
news 9671
news 9672
news 9673
news 9674
news 9675
news 9676
news 9677
news 9678
news 9679
news 9680
news 9681
news 9682
news 9683
news 9684
news 9685
news 9686
news 9687
news 9688
news 9689
news 9690
news 9691
news 9692
news 9693
news 9694
news 9695
news 9696
news 9697
news 9698
news 9699
news 9700
news 9701
news 9702
news 9703
news 9704
news 9705
news 9706
news 9707
news 9708
news 9709
news 9710
news 9711
news 9712
news 9713
news 9714
news 9715
news 9716
news 9717
news 9718
news 9719
news 9720
news 9721
news 9722
news 9723
news 9724
news 9725
news 9726
news 9727
news 9728
news 9729
news 9730
news 9731
news 9732
news 9733
news 9734
news 9735
news 9736
news 9737
news 9738
news 9739
news 9740
news 9741
news 9742
news 9743
news 9744
news 9745
news 9746
news 9747
news 9748
news 9749
news 9750
news 9751
news 9752
news 9753
news 9754
news 9755
news 9756
news 9757
news 9758
news 9759
news 9760
news 9761
news 9762
news 9763
news 9764
news 9765
news 9766
news 9767
news 9768
news 9769
news 9770
news 9771
news 9772
news 9773
news 9774
news 9775
news 9776
news 9777
news 9778
news 9779
news 9780
news 9781
news 9782
news 9783
news 9784
news 9785
news 9786
news 9787
news 9788
news 9789
news 9790
news 9791
news 9792
news 9793
news 9794
news 9795
news 9796
news 9797
news 9798
news 9799
news 9800
news 9801
news 9802
news 9803
news 9804
news 9805
news 9806
news 9807
news 9808
news 9809
news 9810
news 9811
news 9812
news 9813
news 9814
news 9815
news 9816
news 9817
news 9818
news 9819
news 9820
news 9821
news 9822
news 9823
news 9824
news 9825
news 9826
news 9827
news 9828
news 9829
news 9830
news 9831
news 9832
news 9833
news 9834
news 9835
news 9836
news 9837
news 9838
news 9839
news 9840
news 9841
news 9842
news 9843
news 9844
news 9845
news 9846
news 9847
news 9848
news 9849
news 9850
news 9851
news 9852
news 9853
news 9854
news 9855
news 9856
news 9857
news 9858
news 9859
news 9860
news 9861
news 9862
news 9863
news 9864
news 9865
news 9866
news 9867
news 9868
news 9869
news 9870
news 9871
news 9872
news 9873
news 9874
news 9875
news 9876
news 9877
news 9878
news 9879
news 9880
news 9881
news 9882
news 9883
news 9884
news 9885
news 9886
news 9887
news 9888
news 9889
news 9890
news 9891
news 9892
news 9893
news 9894
news 9895
news 9896
news 9897
news 9898
news 9899
news 9900
news 9901
news 9902
news 9903
news 9904
news 9905
news 9906
news 9907
news 9908
news 9909
news 9910
news 9911
news 9912
news 9913
news 9914
news 9915
news 9916
news 9917
news 9918
news 9919
news 9920
news 9921
news 9922
news 9923
news 9924
news 9925
news 9926
news 9927
news 9928
news 9929
news 9930
news 9931
news 9932
news 9933
news 9934
news 9935
news 9936
news 9937
news 9938
news 9939
news 9940
news 9941
news 9942
news 9943
news 9944
news 9945
news 9946
news 9947
news 9948
news 9949
news 9950
news 9951
news 9952
news 9953
news 9954
news 9955
news 9956
news 9957
news 9958
news 9959
news 9960
news 9961
news 9962
news 9963
news 9964
news 9965
news 9966
news 9967
news 9968
news 9969
news 9970
news 9971
news 9972
news 9973
news 9974
news 9975
news 9976
news 9977
news 9978
news 9979
news 9980
news 9981
news 9982
news 9983
news 9984
news 9985
news 9986
news 9987
news 9988
news 9989
news 9990
news 9991
news 9992
news 9993
news 9994
news 9995
news 9996
news 9997
news 9998
news 9999
